{
  "stats": {
    "suites": 3,
    "tests": 39,
    "passes": 39,
    "pending": 0,
    "failures": 0,
    "start": "2020-03-19T13:26:50.250Z",
    "end": "2020-03-19T13:26:50.250Z",
    "duration": 147877,
    "testsRegistered": 39,
    "passPercent": 100,
    "pendingPercent": 0,
    "other": 0,
    "hasOther": false,
    "skipped": 0,
    "hasSkipped": false
  },
  "results": [
    {
      "uuid": "a206de0b-8f4a-46f0-a976-c48f16de6f47",
      "title": "",
      "fullFile": "",
      "file": "",
      "beforeHooks": [],
      "afterHooks": [],
      "tests": [],
      "suites": [
        {
          "uuid": "6ef5de09-6268-4e4a-8bef-e6f846c3dce1",
          "title": "yolospagnagold",
          "fullFile": "",
          "file": "",
          "beforeHooks": [],
          "afterHooks": [],
          "tests": [
            {
              "title": "login T-61",
              "fullTitle": "yolospagnagold login T-61",
              "timedOut": null,
              "duration": 5682,
              "state": "passed",
              "speed": "slow",
              "pass": true,
              "fail": false,
              "pending": false,
              "context": null,
              "code": "//test sul login\ncy.visit(env.url + '/login');\ncy.get('#email').type(env.email, {\n  force: true\n});\ncy.get('#password').type(env.password, {\n  force: true\n});\ncy.get('.cc-btn').click();\ncy.get('#login-btn-test-test').click();",
              "err": {},
              "uuid": "d6e980f0-dbad-4e37-8a16-760491b09785",
              "parentUUID": "6ef5de09-6268-4e4a-8bef-e6f846c3dce1",
              "isHook": false,
              "skipped": false
            },
            {
              "title": "clickProdotti T-61",
              "fullTitle": "yolospagnagold clickProdotti T-61",
              "timedOut": null,
              "duration": 1171,
              "state": "passed",
              "speed": "slow",
              "pass": true,
              "fail": false,
              "pending": false,
              "context": null,
              "code": "cy.get('#Livello_1').click({\n  force: true\n}); // vado in prodotti cliccando su Yolo",
              "err": {},
              "uuid": "95ecb939-4a61-48b8-af15-881d849b69af",
              "parentUUID": "6ef5de09-6268-4e4a-8bef-e6f846c3dce1",
              "isHook": false,
              "skipped": false
            },
            {
              "title": "clicksci T-61",
              "fullTitle": "yolospagnagold clicksci T-61",
              "timedOut": null,
              "duration": 1492,
              "state": "passed",
              "speed": "slow",
              "pass": true,
              "fail": false,
              "pending": false,
              "context": null,
              "code": "cy.get('.slick-current > :nth-child(1) > .slide > .slick-track-product').contains('YOLO ESQUÍ').click({\n  force: true\n});\ncy.url().should('include', env.url + '/preventivatore;code=esqui');",
              "err": {},
              "uuid": "fcc7f0eb-b300-4e1c-8e82-1eb5c3e78669",
              "parentUUID": "6ef5de09-6268-4e4a-8bef-e6f846c3dce1",
              "isHook": false,
              "skipped": false
            },
            {
              "title": "wordinggold T-61",
              "fullTitle": "yolospagnagold wordinggold T-61",
              "timedOut": null,
              "duration": 1269,
              "state": "passed",
              "speed": "slow",
              "pass": true,
              "fail": false,
              "pending": false,
              "context": null,
              "code": "cy.get('.nav > :nth-child(1) > .nav-link').contains('Yolo esquí Gold ');\ncy.get('#esqui-gold').contains('Yolo esquí Gold');\ncy.get('#esqui-gold').contains('Número de personas aseguradas');\ncy.get('#quantity').invoke('val').should('eq', '1');\ncy.get('#esqui-gold').contains('1 día');\ncy.get('#esqui-gold').contains('2 días');\ncy.get('#esqui-gold').contains('6 días'); //  cy.get('#esqui-gold').contains('3,99')\ncy.get('#esqui-gold').contains('Continuar');\ncy.get('#esqui-gold').contains('Descarga el documento de información precontractual');\ncy.get('#esqui-gold').contains('Producto ofrecido en colaboración con');\ncy.get('#esqui-gold').contains('Hasta:');",
              "err": {},
              "uuid": "b9dc30d7-9654-4c48-be67-f36dd8a64d9e",
              "parentUUID": "6ef5de09-6268-4e4a-8bef-e6f846c3dce1",
              "isHook": false,
              "skipped": false
            },
            {
              "title": "scigoldimmagini T-61",
              "fullTitle": "yolospagnagold scigoldimmagini T-61",
              "timedOut": null,
              "duration": 1078,
              "state": "passed",
              "speed": "slow",
              "pass": true,
              "fail": false,
              "pending": false,
              "context": null,
              "code": "cy.get('[src=\"https://yolo-es-integration.s3.amazonaws.com/spree/images/attachments/7/original/sci_gold.png?1574267336\"]').should('be.visible');\ncy.get('[src=\"https://yolo-es-integration.s3.amazonaws.com/yolo/providers/images/000/000/004/original/logo_erv.png?1583854223\"]').should('be.visible');",
              "err": {},
              "uuid": "77778e69-5763-4ffb-85d6-e99c80fecb1f",
              "parentUUID": "6ef5de09-6268-4e4a-8bef-e6f846c3dce1",
              "isHook": false,
              "skipped": false
            },
            {
              "title": "scigoldlink T-61",
              "fullTitle": "yolospagnagold scigoldlink T-61",
              "timedOut": null,
              "duration": 1084,
              "state": "passed",
              "speed": "slow",
              "pass": true,
              "fail": false,
              "pending": false,
              "context": null,
              "code": "cy.get('#cardQuotator > :nth-child(2) > .col-12 > .inf-package').first().should('have.attr', 'href').should('include', 'https://yolo-es-integration.s3.amazonaws.com/spree/products/information_packages/000/000/002/original/Conditiones_Generales_e_Particulares_Yolo_Esqui_Gold_29112019.pdf?1575040886');",
              "err": {},
              "uuid": "963f5e36-bb48-4236-95c1-336e2ce1625f",
              "parentUUID": "6ef5de09-6268-4e4a-8bef-e6f846c3dce1",
              "isHook": false,
              "skipped": false
            },
            {
              "title": "scigoldpulsanti1 T-61",
              "fullTitle": "yolospagnagold scigoldpulsanti1 T-61",
              "timedOut": null,
              "duration": 14478,
              "state": "passed",
              "speed": "slow",
              "pass": true,
              "fail": false,
              "pending": false,
              "context": null,
              "code": "var base = 6.98;\nfor (var a = 1; a < 20; a++) {\n  cy.get('#quantity').invoke('val').should('eq', String(a));\n  var moltiplica = base * a;\n  moltiplica = moltiplica.toFixed(2).replace('.', ',');\n  console.log(moltiplica);\n  cy.get(' #cardQuotator > .card-body > .purchase > .col-sm-5 > .purchase-price').first().should('have.text', moltiplica + ' €');\n  cy.get('#cardQuotator > .card-body > .mb-3 > .col-12 > .ml-0 > :nth-child(3)').first().click({\n    force: true\n  });\n}\nfor (var b = 1; b < 20; b++) {\n  cy.get('#cardQuotator > .card-body > .mb-3 > .col-12 > .ml-0 > :nth-child(1) > .fa').first().click({\n    force: true\n  });\n}",
              "err": {},
              "uuid": "865db2e7-22d2-4cbd-afa7-65d4f2bbf84d",
              "parentUUID": "6ef5de09-6268-4e4a-8bef-e6f846c3dce1",
              "isHook": false,
              "skipped": false
            },
            {
              "title": "scigoldpulsanti2 T-61",
              "fullTitle": "yolospagnagold scigoldpulsanti2 T-61",
              "timedOut": null,
              "duration": 14292,
              "state": "passed",
              "speed": "slow",
              "pass": true,
              "fail": false,
              "pending": false,
              "context": null,
              "code": "cy.get('#cardQuotator > .card-body > :nth-child(3) > .col-12 > .row > :nth-child(2) > .btn').first().click({\n  force: true\n});\nvar base = 12.23;\nfor (var a = 1; a < 20; a++) {\n  cy.get('#quantity').invoke('val').should('eq', String(a));\n  var moltiplica = base * a;\n  moltiplica = moltiplica.toFixed(2).replace('.', ',');\n  console.log(moltiplica);\n  cy.get(' #cardQuotator > .card-body > .purchase > .col-sm-5 > .purchase-price').first().should('have.text', moltiplica + ' €');\n  cy.get('#cardQuotator > .card-body > .mb-3 > .col-12 > .ml-0 > :nth-child(3)').first().click({\n    force: true\n  });\n}\nfor (var b = 1; b < 20; b++) {\n  cy.get('#cardQuotator > .card-body > .mb-3 > .col-12 > .ml-0 > :nth-child(1) > .fa').first().click({\n    force: true\n  });\n}",
              "err": {},
              "uuid": "54d87c4e-c331-46ff-8faa-de9004f8ea5b",
              "parentUUID": "6ef5de09-6268-4e4a-8bef-e6f846c3dce1",
              "isHook": false,
              "skipped": false
            },
            {
              "title": "scigoldpulsanti3 T-61",
              "fullTitle": "yolospagnagold scigoldpulsanti3 T-61",
              "timedOut": null,
              "duration": 14141,
              "state": "passed",
              "speed": "slow",
              "pass": true,
              "fail": false,
              "pending": false,
              "context": null,
              "code": "cy.get('#cardQuotator > .card-body > :nth-child(3) > .col-12 > .row > :nth-child(3) > .btn').first().click({\n  force: true\n});\nvar base = 33.23;\nfor (var a = 1; a < 20; a++) {\n  cy.get('#quantity').invoke('val').should('eq', String(a));\n  var moltiplica = base * a;\n  moltiplica = moltiplica.toFixed(2).replace('.', ',');\n  console.log(moltiplica);\n  cy.get(' #cardQuotator > .card-body > .purchase > .col-sm-5 > .purchase-price').first().should('have.text', moltiplica + ' €');\n  cy.get('#cardQuotator > .card-body > .mb-3 > .col-12 > .ml-0 > :nth-child(3)').first().click({\n    force: true\n  });\n}\nfor (var b = 1; b < 20; b++) {\n  cy.get('#cardQuotator > .card-body > .mb-3 > .col-12 > .ml-0 > :nth-child(1) > .fa').first().click({\n    force: true\n  });\n}",
              "err": {},
              "uuid": "4604288e-7d3e-4574-850d-608e8ec6afcc",
              "parentUUID": "6ef5de09-6268-4e4a-8bef-e6f846c3dce1",
              "isHook": false,
              "skipped": false
            },
            {
              "title": "bottone T-61",
              "fullTitle": "yolospagnagold bottone T-61",
              "timedOut": null,
              "duration": 1147,
              "state": "passed",
              "speed": "slow",
              "pass": true,
              "fail": false,
              "pending": false,
              "context": null,
              "code": "cy.get('#cardQuotator > .card-body > .purchase > .col-sm-7').first().click();",
              "err": {},
              "uuid": "5296d7e0-3e3f-4c30-a9ef-2dc61d570bb3",
              "parentUUID": "6ef5de09-6268-4e4a-8bef-e6f846c3dce1",
              "isHook": false,
              "skipped": false
            }
          ],
          "suites": [],
          "passes": [
            "d6e980f0-dbad-4e37-8a16-760491b09785",
            "95ecb939-4a61-48b8-af15-881d849b69af",
            "fcc7f0eb-b300-4e1c-8e82-1eb5c3e78669",
            "b9dc30d7-9654-4c48-be67-f36dd8a64d9e",
            "77778e69-5763-4ffb-85d6-e99c80fecb1f",
            "963f5e36-bb48-4236-95c1-336e2ce1625f",
            "865db2e7-22d2-4cbd-afa7-65d4f2bbf84d",
            "54d87c4e-c331-46ff-8faa-de9004f8ea5b",
            "4604288e-7d3e-4574-850d-608e8ec6afcc",
            "5296d7e0-3e3f-4c30-a9ef-2dc61d570bb3"
          ],
          "failures": [],
          "pending": [],
          "skipped": [],
          "duration": 55834,
          "root": false,
          "rootEmpty": false,
          "_timeout": 2000
        }
      ],
      "passes": [],
      "failures": [],
      "pending": [],
      "skipped": [],
      "duration": 0,
      "root": true,
      "rootEmpty": true,
      "_timeout": 2000
    },
    {
      "uuid": "71a2c3e2-6d99-4e22-8b6f-643217ff5cab",
      "title": "",
      "fullFile": "",
      "file": "",
      "beforeHooks": [],
      "afterHooks": [],
      "tests": [],
      "suites": [
        {
          "uuid": "f981d642-4c2f-4491-8d57-50d7453dabd7",
          "title": "yolospagnagold",
          "fullFile": "",
          "file": "",
          "beforeHooks": [],
          "afterHooks": [],
          "tests": [
            {
              "title": "login T-61",
              "fullTitle": "yolospagnagold login T-61",
              "timedOut": null,
              "duration": 5534,
              "state": "passed",
              "speed": "slow",
              "pass": true,
              "fail": false,
              "pending": false,
              "context": null,
              "code": "//test sul login\ncy.visit(env.url + '/login');\ncy.get('#email').type(env.email, {\n  force: true\n});\ncy.get('#password').type(env.password, {\n  force: true\n});\ncy.get('.cc-btn').click();\ncy.get('#login-btn-test-test').click();",
              "err": {},
              "uuid": "abb36a5c-8431-4a43-a2ca-ea8caa97f7d2",
              "parentUUID": "f981d642-4c2f-4491-8d57-50d7453dabd7",
              "isHook": false,
              "skipped": false
            },
            {
              "title": "clickProdotti T-61",
              "fullTitle": "yolospagnagold clickProdotti T-61",
              "timedOut": null,
              "duration": 1099,
              "state": "passed",
              "speed": "slow",
              "pass": true,
              "fail": false,
              "pending": false,
              "context": null,
              "code": "cy.get('#Livello_1').click({\n  force: true\n}); // vado in prodotti cliccando su Yolo",
              "err": {},
              "uuid": "e127537c-0ba1-4615-bcdf-46508d591d06",
              "parentUUID": "f981d642-4c2f-4491-8d57-50d7453dabd7",
              "isHook": false,
              "skipped": false
            },
            {
              "title": "clicksci T-61",
              "fullTitle": "yolospagnagold clicksci T-61",
              "timedOut": null,
              "duration": 1507,
              "state": "passed",
              "speed": "slow",
              "pass": true,
              "fail": false,
              "pending": false,
              "context": null,
              "code": "cy.get('.slick-current > :nth-child(1) > .slide > .slick-track-product').contains('YOLO ESQUÍ').click({\n  force: true\n});\ncy.url().should('include', env.url + '/preventivatore;code=esqui');",
              "err": {},
              "uuid": "580cf5ae-ca40-4c2b-9ae9-5b369a823e7b",
              "parentUUID": "f981d642-4c2f-4491-8d57-50d7453dabd7",
              "isHook": false,
              "skipped": false
            },
            {
              "title": "clicksilver T-61",
              "fullTitle": "yolospagnagold clicksilver T-61",
              "timedOut": null,
              "duration": 1089,
              "state": "passed",
              "speed": "slow",
              "pass": true,
              "fail": false,
              "pending": false,
              "context": null,
              "code": "cy.get('.nav > :nth-child(2) > .nav-link').click({\n  force: true\n});",
              "err": {},
              "uuid": "15caaeac-18d3-449c-b897-9ce5c8c456e4",
              "parentUUID": "f981d642-4c2f-4491-8d57-50d7453dabd7",
              "isHook": false,
              "skipped": false
            },
            {
              "title": "wordingscisilver T-61",
              "fullTitle": "yolospagnagold wordingscisilver T-61",
              "timedOut": null,
              "duration": 1228,
              "state": "passed",
              "speed": "slow",
              "pass": true,
              "fail": false,
              "pending": false,
              "context": null,
              "code": "cy.get('#esqui-silver').contains('Yolo esquí Silver');\ncy.get('#esqui-silver').contains('Número de personas aseguradas');\ncy.get('#quantity').invoke('val').should('eq', '1');\ncy.get('#esqui-silver').contains('1 día');\ncy.get('#esqui-silver').contains('2 días');\ncy.get('#esqui-silver').contains('6 días');\ncy.get('#esqui-silver').contains('Continuar');\ncy.get('#esqui-silver').contains('Descarga el documento de información precontractual');\ncy.get('#esqui-silver').contains('Producto ofrecido en colaboración con');\ncy.get('#esqui-silver').contains('Hasta:');",
              "err": {},
              "uuid": "c91fbce3-7b78-4c02-8b5d-bcea822059e6",
              "parentUUID": "f981d642-4c2f-4491-8d57-50d7453dabd7",
              "isHook": false,
              "skipped": false
            },
            {
              "title": "scisilverimmagini T-61",
              "fullTitle": "yolospagnagold scisilverimmagini T-61",
              "timedOut": null,
              "duration": 1090,
              "state": "passed",
              "speed": "slow",
              "pass": true,
              "fail": false,
              "pending": false,
              "context": null,
              "code": "cy.get('.fp-image').last().should('be.visible').invoke('attr', 'src').should('include', 'sci_silver.png');\ncy.get(' #cardQuotator > .justify-content-center > .text-center > .provider-logo > img').should('be.visible').invoke('attr', 'src').should('include', 'logo_erv.png');",
              "err": {},
              "uuid": "cd4f2f62-8b58-4030-8ab8-83f64eb3443d",
              "parentUUID": "f981d642-4c2f-4491-8d57-50d7453dabd7",
              "isHook": false,
              "skipped": false
            },
            {
              "title": "scisilverlink T-61",
              "fullTitle": "yolospagnagold scisilverlink T-61",
              "timedOut": null,
              "duration": 1049,
              "state": "passed",
              "speed": "slow",
              "pass": true,
              "fail": false,
              "pending": false,
              "context": null,
              "code": "cy.get(' #cardQuotator > :nth-child(2) > .col-12 > .inf-package').last().should('be.visible').invoke('attr', 'href').should('include', 'https://yolo-es-integration.s3.amazonaws.com/spree/products/information_packages/000/000/001/original/Conditiones_Generales_e_Particulares_Yolo_Esqui_Silver_29112019.pdf?1575040892');",
              "err": {},
              "uuid": "08f50455-fb83-4eb5-8483-71f6da28545d",
              "parentUUID": "f981d642-4c2f-4491-8d57-50d7453dabd7",
              "isHook": false,
              "skipped": false
            },
            {
              "title": "scisilverpulsanti1 T-61",
              "fullTitle": "yolospagnagold scisilverpulsanti1 T-61",
              "timedOut": null,
              "duration": 22235,
              "state": "passed",
              "speed": "slow",
              "pass": true,
              "fail": false,
              "pending": false,
              "context": null,
              "code": "var base = 4.90;\nfor (var a = 1; a < 20; a++) {\n  console.log(a);\n  cy.wait(150);\n  cy.get('#cardQuotator > .card-body > .mb-3 > .col-12 > .ml-0 > .col-md-4 > #quantity').last().invoke('val').should('eq', String(a));\n  var moltiplica = base * a;\n  moltiplica = moltiplica.toFixed(2).replace('.', ',');\n  console.log(moltiplica);\n  cy.get(' #cardQuotator > .card-body > .purchase > .col-sm-5 > .purchase-price').last().should('have.text', moltiplica + ' €');\n  cy.get('#cardQuotator > .card-body > .mb-3 > .col-12 > .ml-0 > :nth-child(3)').last().click({\n    force: true\n  });\n}\nfor (var b = 1; b < 20; b++) {\n  cy.get('#cardQuotator > .card-body > .mb-3 > .col-12 > .ml-0 > :nth-child(1) > .fa').last().click();\n}",
              "err": {},
              "uuid": "d1c7a70a-0275-4eb2-a610-93d3d32064d0",
              "parentUUID": "f981d642-4c2f-4491-8d57-50d7453dabd7",
              "isHook": false,
              "skipped": false
            },
            {
              "title": "scisilverpulsanti2 T-61",
              "fullTitle": "yolospagnagold scisilverpulsanti2 T-61",
              "timedOut": null,
              "duration": 16785,
              "state": "passed",
              "speed": "slow",
              "pass": true,
              "fail": false,
              "pending": false,
              "context": null,
              "code": "cy.get('#cardQuotator > .card-body > :nth-child(3) > .col-12 > .row > :nth-child(2) > .btn').last().click({\n  force: true\n});\nvar base = 8.73;\nfor (var a = 1; a < 20; a++) {\n  cy.get('#cardQuotator > .card-body > .mb-3 > .col-12 > .ml-0 > .col-md-4 > #quantity').last().invoke('val').should('eq', String(a));\n  var moltiplica = base * a;\n  moltiplica = moltiplica.toFixed(2).replace('.', ',');\n  console.log(moltiplica);\n  cy.get(' #cardQuotator > .card-body > .purchase > .col-sm-5 > .purchase-price').last().should('have.text', moltiplica + ' €');\n  cy.get('#cardQuotator > .card-body > .mb-3 > .col-12 > .ml-0 > :nth-child(3)').last().click({\n    force: true\n  });\n}\nfor (var b = 1; b < 20; b++) {\n  cy.get('#cardQuotator > .card-body > .mb-3 > .col-12 > .ml-0 > :nth-child(1) > .fa').last().click({\n    force: true\n  });\n}",
              "err": {},
              "uuid": "6bd66c5a-89a6-42a2-83d4-738eec6dbd1a",
              "parentUUID": "f981d642-4c2f-4491-8d57-50d7453dabd7",
              "isHook": false,
              "skipped": false
            },
            {
              "title": "scisilverpulsanti3 T-61",
              "fullTitle": "yolospagnagold scisilverpulsanti3 T-61",
              "timedOut": null,
              "duration": 16819,
              "state": "passed",
              "speed": "slow",
              "pass": true,
              "fail": false,
              "pending": false,
              "context": null,
              "code": "cy.get('#cardQuotator > .card-body > :nth-child(3) > .col-12 > .row > :nth-child(3) > .btn').last().click({\n  force: true\n});\nvar base = 26.23;\nfor (var a = 1; a < 20; a++) {\n  cy.get('#cardQuotator > .card-body > .mb-3 > .col-12 > .ml-0 > .col-md-4 > #quantity').last().invoke('val').should('eq', String(a));\n  var moltiplica = base * a;\n  moltiplica = moltiplica.toFixed(2).replace('.', ',');\n  console.log(moltiplica);\n  cy.get(' #cardQuotator > .card-body > .purchase > .col-sm-5 > .purchase-price').last().should('have.text', moltiplica + ' €');\n  cy.get('#cardQuotator > .card-body > .mb-3 > .col-12 > .ml-0 > :nth-child(3)').last().click({\n    force: true\n  });\n}\nfor (var b = 1; b < 20; b++) {\n  cy.get('#cardQuotator > .card-body > .mb-3 > .col-12 > .ml-0 > :nth-child(1) > .fa').last().click({\n    force: true\n  });\n}",
              "err": {},
              "uuid": "0cf997ed-5ef7-45dd-9be4-85d15097bea2",
              "parentUUID": "f981d642-4c2f-4491-8d57-50d7453dabd7",
              "isHook": false,
              "skipped": false
            },
            {
              "title": "bottone T-61",
              "fullTitle": "yolospagnagold bottone T-61",
              "timedOut": null,
              "duration": 1126,
              "state": "passed",
              "speed": "slow",
              "pass": true,
              "fail": false,
              "pending": false,
              "context": null,
              "code": "cy.get('#cardQuotator > .card-body > .purchase > .col-sm-7').last().click();",
              "err": {},
              "uuid": "ed5ad473-77d6-4568-9593-b466f9efc3b0",
              "parentUUID": "f981d642-4c2f-4491-8d57-50d7453dabd7",
              "isHook": false,
              "skipped": false
            }
          ],
          "suites": [],
          "passes": [
            "abb36a5c-8431-4a43-a2ca-ea8caa97f7d2",
            "e127537c-0ba1-4615-bcdf-46508d591d06",
            "580cf5ae-ca40-4c2b-9ae9-5b369a823e7b",
            "15caaeac-18d3-449c-b897-9ce5c8c456e4",
            "c91fbce3-7b78-4c02-8b5d-bcea822059e6",
            "cd4f2f62-8b58-4030-8ab8-83f64eb3443d",
            "08f50455-fb83-4eb5-8483-71f6da28545d",
            "d1c7a70a-0275-4eb2-a610-93d3d32064d0",
            "6bd66c5a-89a6-42a2-83d4-738eec6dbd1a",
            "0cf997ed-5ef7-45dd-9be4-85d15097bea2",
            "ed5ad473-77d6-4568-9593-b466f9efc3b0"
          ],
          "failures": [],
          "pending": [],
          "skipped": [],
          "duration": 69561,
          "root": false,
          "rootEmpty": false,
          "_timeout": 2000
        }
      ],
      "passes": [],
      "failures": [],
      "pending": [],
      "skipped": [],
      "duration": 0,
      "root": true,
      "rootEmpty": true,
      "_timeout": 2000
    },
    {
      "uuid": "6ec0b16c-8f0d-4943-b5a2-35f692751408",
      "title": "",
      "fullFile": "",
      "file": "",
      "beforeHooks": [],
      "afterHooks": [],
      "tests": [],
      "suites": [
        {
          "uuid": "64f9b93a-5948-499f-9603-a7ec4d71eda4",
          "title": "test_yolo_scispagna_checkout",
          "fullFile": "",
          "file": "",
          "beforeHooks": [],
          "afterHooks": [],
          "tests": [
            {
              "title": "homepage T-62",
              "fullTitle": "test_yolo_scispagna_checkout homepage T-62",
              "timedOut": null,
              "duration": 4674,
              "state": "passed",
              "speed": "slow",
              "pass": true,
              "fail": false,
              "pending": false,
              "context": null,
              "code": "cy.visit(env.url);\ncy.wait(2000);",
              "err": {},
              "uuid": "73ede272-cc66-4d02-82f0-3925fd8fe4aa",
              "parentUUID": "64f9b93a-5948-499f-9603-a7ec4d71eda4",
              "isHook": false,
              "skipped": false
            },
            {
              "title": "click pulsante home T-62",
              "fullTitle": "test_yolo_scispagna_checkout click pulsante home T-62",
              "timedOut": null,
              "duration": 113,
              "state": "passed",
              "speed": "slow",
              "pass": true,
              "fail": false,
              "pending": false,
              "context": null,
              "code": "cy.get('#Livello_1').click({\n  force: true\n});",
              "err": {},
              "uuid": "aad05816-579b-4423-9b1b-87385d36a223",
              "parentUUID": "64f9b93a-5948-499f-9603-a7ec4d71eda4",
              "isHook": false,
              "skipped": false
            },
            {
              "title": "click su yolo esqui T-62",
              "fullTitle": "test_yolo_scispagna_checkout click su yolo esqui T-62",
              "timedOut": null,
              "duration": 642,
              "state": "passed",
              "speed": "slow",
              "pass": true,
              "fail": false,
              "pending": false,
              "context": null,
              "code": "cy.get('.slick-current > :nth-child(1) > .slide > .slick-track-product').should('be.visible').click();",
              "err": {},
              "uuid": "5c402661-7b5e-47e1-8b3a-6679ce5db20a",
              "parentUUID": "64f9b93a-5948-499f-9603-a7ec4d71eda4",
              "isHook": false,
              "skipped": false
            },
            {
              "title": "click su continuar T-62",
              "fullTitle": "test_yolo_scispagna_checkout click su continuar T-62",
              "timedOut": null,
              "duration": 238,
              "state": "passed",
              "speed": "slow",
              "pass": true,
              "fail": false,
              "pending": false,
              "context": null,
              "code": "cy.get('#submit-test.btn-animation.gold').should('be.visible').click();",
              "err": {},
              "uuid": "4fcfca88-9b6e-440d-b3c5-713dacfb4872",
              "parentUUID": "64f9b93a-5948-499f-9603-a7ec4d71eda4",
              "isHook": false,
              "skipped": false
            },
            {
              "title": "wording pagina checkout T-62",
              "fullTitle": "test_yolo_scispagna_checkout wording pagina checkout T-62",
              "timedOut": null,
              "duration": 747,
              "state": "passed",
              "speed": "slow",
              "pass": true,
              "fail": false,
              "pending": false,
              "context": null,
              "code": "cy.get('app-checkout-card-recap > :nth-child(1) > :nth-child(1) > .step-title').contains('Yolo esquí Gold');\ncy.get('.col-lg-10 > :nth-child(1) > :nth-child(1)').contains('Tipo de paquete:');\ncy.get(':nth-child(1) > :nth-child(2) > b').contains('Yolo esquí Gold');\ncy.get('.col-lg-10 > :nth-child(2) > :nth-child(1)').contains('Asegurados:');\ncy.get(':nth-child(2) > :nth-child(2) > b').contains('1');\ncy.get('app-checkout-card-period > :nth-child(1) > .col-12 > .step-title').contains('PERÍODO');\ncy.get('app-checkout-card-period > :nth-child(1) > .col-12 > span').contains('* campos obligatorios');\ncy.get(':nth-child(2) > .input-wrapper > label.pl-3').contains('Fecha de fin de cobertura');\ncy.get('.col-10').contains(' La cobertura será válida en las fechas indicadas solo si la compras antes de comenzar tu viaje a la estación de esquí ');\ncy.get('app-checkout-card-insured-subjects > :nth-child(1) > :nth-child(1) > .step-title').contains('ASEGURADOS');\ncy.get('.form-big-checkbox').contains(' El tomador es también el asegurado ');\ncy.get('.mb-3 > .step-title').contains('DATOS PERSONALES 1');\ncy.get('span > i').contains('todos los campos son obligatorios');\ncy.get('app-checkout-card-insured-subjects > :nth-child(1) > .mt-2 > .row > :nth-child(2)').should('be.visible').contains('Nombre');\ncy.get('.mt-2 > .row > :nth-child(3)').should('be.visible').contains('Apellidos');\ncy.get('.mt-2 > .row > :nth-child(4)').should('be.visible').contains('Fecha de nacimiento');\ncy.get('app-checkout-shopping-cart > :nth-child(1) > :nth-child(1) > .step-title').contains('Yolo esquí Gold');\ncy.get('.cost-item-0 > .col-12 > .row > .description').contains('Costo Unitario');\ncy.get('.cost-item-2 > .col-12 > .row > .description').contains('Total');\ncy.get('.cost-item-0 > .col-12 > .row > .text-right').contains('6,98');",
              "err": {},
              "uuid": "b155f00c-50eb-450c-9ea9-052e185aed41",
              "parentUUID": "64f9b93a-5948-499f-9603-a7ec4d71eda4",
              "isHook": false,
              "skipped": false
            },
            {
              "title": "Controllo immagini del checkout T-62",
              "fullTitle": "test_yolo_scispagna_checkout Controllo immagini del checkout T-62",
              "timedOut": null,
              "duration": 86,
              "state": "passed",
              "speed": "slow",
              "pass": true,
              "fail": false,
              "pending": false,
              "context": null,
              "code": "cy.get('.product-icon').should('be.visible').invoke('attr', 'src').should('include', 'sci_gold.png');\ncy.get('.col-1').should('be.visible');",
              "err": {},
              "uuid": "e9ebe799-2733-494b-9d38-f8a63e0d2e4f",
              "parentUUID": "64f9b93a-5948-499f-9603-a7ec4d71eda4",
              "isHook": false,
              "skipped": false
            },
            {
              "title": "Controllo check e unchecked della checkbox T-62",
              "fullTitle": "test_yolo_scispagna_checkout Controllo check e unchecked della checkbox T-62",
              "timedOut": null,
              "duration": 195,
              "state": "passed",
              "speed": "slow",
              "pass": true,
              "fail": false,
              "pending": false,
              "context": null,
              "code": "cy.get('[type=\"checkbox\"]').check();\ncy.get('[type=\"checkbox\"]').uncheck();",
              "err": {},
              "uuid": "b00ec90b-7e60-43e3-bddb-2d8668977a92",
              "parentUUID": "64f9b93a-5948-499f-9603-a7ec4d71eda4",
              "isHook": false,
              "skipped": false
            },
            {
              "title": "Controllo calendario Fecha inicio de cobertura T-62",
              "fullTitle": "test_yolo_scispagna_checkout Controllo calendario Fecha inicio de cobertura T-62",
              "timedOut": null,
              "duration": 299,
              "state": "passed",
              "speed": "slow",
              "pass": true,
              "fail": false,
              "pending": false,
              "context": null,
              "code": "cy.get('#datepicker-startdate-test').click({\n  force: true\n});\ncy.get('.dropdown-menu').find('[aria-label=\"24-3-2020\"] > .btn-light').not('.disabled').first().click({\n  force: true\n});",
              "err": {},
              "uuid": "5866177b-5e80-4ae6-873e-dc9029e2de59",
              "parentUUID": "64f9b93a-5948-499f-9603-a7ec4d71eda4",
              "isHook": false,
              "skipped": false
            },
            {
              "title": "Controllo calendario Fecha de nacimiento T-62",
              "fullTitle": "test_yolo_scispagna_checkout Controllo calendario Fecha de nacimiento T-62",
              "timedOut": null,
              "duration": 363,
              "state": "passed",
              "speed": "slow",
              "pass": true,
              "fail": false,
              "pending": false,
              "context": null,
              "code": "cy.get('#datepicker-test').click({\n  force: true\n});\ncy.get('.dropdown-menu').find('.ngb-dp-day').not('.disabled').last().click({\n  force: true\n});",
              "err": {},
              "uuid": "c8ed756d-d6b0-4ecb-82f3-1ff24d92ab68",
              "parentUUID": "64f9b93a-5948-499f-9603-a7ec4d71eda4",
              "isHook": false,
              "skipped": false
            },
            {
              "title": "controllo select T-62",
              "fullTitle": "test_yolo_scispagna_checkout controllo select T-62",
              "timedOut": null,
              "duration": 442,
              "state": "passed",
              "speed": "slow",
              "pass": true,
              "fail": false,
              "pending": false,
              "context": null,
              "code": "cy.get('#select-familygrade0').should('be.visible').contains('Parentesco*');\ncy.get(\"#select-familygrade0\").select('Marido/Mujer');\ncy.get(\"#select-familygrade0\").select('Hijo/Hija');\ncy.get(\"#select-familygrade0\").select('Otro');",
              "err": {},
              "uuid": "43d6b9f0-bb15-467a-b854-23ddf1c3074d",
              "parentUUID": "64f9b93a-5948-499f-9603-a7ec4d71eda4",
              "isHook": false,
              "skipped": false
            },
            {
              "title": "continuar T-62",
              "fullTitle": "test_yolo_scispagna_checkout continuar T-62",
              "timedOut": null,
              "duration": 176,
              "state": "passed",
              "speed": "slow",
              "pass": true,
              "fail": false,
              "pending": false,
              "context": null,
              "code": "cy.get('.checkbox').click();\ncy.get('#continuaStep1_test').click();",
              "err": {},
              "uuid": "eac1589a-8895-4306-89d1-03fae0229546",
              "parentUUID": "64f9b93a-5948-499f-9603-a7ec4d71eda4",
              "isHook": false,
              "skipped": false
            },
            {
              "title": "wordingFase2 T-66",
              "fullTitle": "test_yolo_scispagna_checkout wordingFase2 T-66",
              "timedOut": null,
              "duration": 588,
              "state": "passed",
              "speed": "slow",
              "pass": true,
              "fail": false,
              "pending": false,
              "context": null,
              "code": "cy.get('app-checkout-card-recap > :nth-child(1) > :nth-child(1) > .step-title').contains('Yolo esquí Gold');\ncy.get('.col-lg-10 > :nth-child(1) > :nth-child(1)').contains('Tipo de paquete:');\ncy.get(':nth-child(1) > :nth-child(2) > b').contains('Yolo esquí Gold');\ncy.get('.col-lg-10 > :nth-child(2) > :nth-child(1)').contains('Asegurados:');\ncy.get(':nth-child(2) > :nth-child(2) > b').contains('1');\ncy.get('app-checkout-shopping-cart > :nth-child(1) > :nth-child(1) > .step-title').contains('Yolo esquí Gold');\ncy.get('.cost-item-0 > .col-12 > .row > .description').contains('Costo Unitario');\ncy.get('.cost-item-2 > .col-12 > .row > .description').contains('Total');\ncy.get('.cost-item-2 > .col-12 > .row > .text-right').contains('6,98');\ncy.get('form.ng-untouched > :nth-child(1) > .col-12').contains('CONTRATANTE');\ncy.get('form.ng-untouched > :nth-child(2) > .col-12').contains('Todos los campos son obligatorios');",
              "err": {},
              "uuid": "cd5ea41f-8b59-4198-8595-20807d3999e9",
              "parentUUID": "64f9b93a-5948-499f-9603-a7ec4d71eda4",
              "isHook": false,
              "skipped": false
            },
            {
              "title": "immaginiFase2 T-66",
              "fullTitle": "test_yolo_scispagna_checkout immaginiFase2 T-66",
              "timedOut": null,
              "duration": 12,
              "state": "passed",
              "speed": "fast",
              "pass": true,
              "fail": false,
              "pending": false,
              "context": null,
              "code": "cy.get('.product-icon').invoke('attr', 'src').should('eq', 'https://yolo-es-integration.s3.amazonaws.com/spree/images/attachments/7/small/sci_gold.png?1574267336');",
              "err": {},
              "uuid": "1f859ee6-d1cc-413d-ac8e-064bc06d9ce7",
              "parentUUID": "64f9b93a-5948-499f-9603-a7ec4d71eda4",
              "isHook": false,
              "skipped": false
            },
            {
              "title": "formFase2 T-66",
              "fullTitle": "test_yolo_scispagna_checkout formFase2 T-66",
              "timedOut": null,
              "duration": 915,
              "state": "passed",
              "speed": "slow",
              "pass": true,
              "fail": false,
              "pending": false,
              "context": null,
              "code": "cy.get(':nth-child(3) > :nth-child(1) > label').contains('Nombre').siblings().invoke('val').should('be.not.empty');\ncy.get(':nth-child(3) > :nth-child(2) > label').contains('Apellidos').siblings().invoke('val').should('be.not.empty');\ncy.get(':nth-child(4) > :nth-child(1) > label').contains('DNI').siblings().invoke('val').should('be.not.empty');\ncy.get(':nth-child(4) > :nth-child(2) > label').contains('Número de teléfono ').siblings().invoke('val').should('be.not.empty');\ncy.get(':nth-child(5) > .form-label-group > label').contains('Fecha de nacimiento').siblings().invoke('val').should('be.not.empty');\ncy.get(':nth-child(5) > :nth-child(2)').contains('País de nacimiento ').siblings().invoke('val').should('be.not.empty');\ncy.get('form.ng-untouched > :nth-child(6) > :nth-child(1)').contains('Provincia de nacimiento').siblings().invoke('val').should('be.not.empty');\ncy.get(':nth-child(7) > .col-12 > label').contains('Dirección de residencia').siblings().invoke('val').should('be.not.empty');\ncy.get(':nth-child(8) > :nth-child(1) > label').contains('Ciudad de residencia').siblings().invoke('val').should('be.not.empty');\ncy.get(':nth-child(8) > :nth-child(2) > label').contains('Código postal').siblings().invoke('val').should('be.not.empty');\ncy.get(':nth-child(9) > :nth-child(1)').contains('País de residencia');\ncy.get('#residentialCountry').select('Somalia');\ncy.get('#residentialCountry').invoke('val').should('be.not.empty');\ncy.get('#continuaStep2_test').should('be.disabled');\ncy.get('#residentialCountry').select('Spain');\ncy.get(':nth-child(9) > :nth-child(2)').contains('Provincia de residencia');\ncy.get('#residentialStates').select('Galicia');\ncy.get('#residentialStates').invoke('val').should('be.not.empty');\ncy.get('#continuaStep2_test').click({\n  force: true\n});",
              "err": {},
              "uuid": "44bbafd2-262c-40e8-a9b0-55a578f1b5cc",
              "parentUUID": "64f9b93a-5948-499f-9603-a7ec4d71eda4",
              "isHook": false,
              "skipped": false
            },
            {
              "title": "formFase3",
              "fullTitle": "test_yolo_scispagna_checkout formFase3",
              "timedOut": null,
              "duration": 11553,
              "state": "passed",
              "speed": "slow",
              "pass": true,
              "fail": false,
              "pending": false,
              "context": null,
              "code": "cy.viewport(1280, 720);\nvar table = []; //0=disabled,1=enabled,2=forced\nvar todaysDate = Cypress.moment().format('DD/MM/YYYY');\ncy.get('#continuaStep3_test').should('be.disabled');\nfor (var i = 1; i < 6; i++) {\n  cy.get(':nth-child(' + i + ') > .answer-container > :nth-child(3) > .form-big-radio > .checkmark').click();\n}\nfor (var _i = 0; _i < 32; _i++) {\n  table = _i.toString(2).padStart(5, 0).split(\"\");\n  for (var j = 1; j < 6; j++) {\n    if (table[j - 1] === '1') {\n      console.table(table);\n      cy.get(':nth-child(' + j + ') > .answer-container > :nth-child(2) > .form-big-radio > .checkmark').click({\n        force: true\n      });\n      if (j !== 1) {\n        cy.get(':nth-child(6) > .question').should('be.visible');\n      }\n    } else {\n      cy.get(':nth-child(' + j + ') > .answer-container > :nth-child(3) > .form-big-radio > .checkmark').click({\n        force: true\n      });\n    }\n  }\n}\nfor (var _i2 = 1; _i2 < 6; _i2++) {\n  cy.get(':nth-child(' + _i2 + ') > .answer-container > :nth-child(1) > .form-big-radio > .checkmark').click();\n}\ncy.get('.row-shadowed > .step-title').should('have.text', 'CUESTIONARIO PARA LA ADECUACIÓN DE LA COBERTURA DE SEGURO ');\ncy.get('.subtext').should('have.text', '* campos obligatorios');\ncy.get(':nth-child(1) > .question').should('have.text', '¿Está interesado en recibir ayuda si necesita ayuda mientras practica un deporte de invierno?');\ncy.get(':nth-child(2) > .question').should('have.text', '¿Está interesado en protegerse tanto del daño que ha sufrido como del daño que ha causado al practicar un deporte de invierno?');\ncy.get(':nth-child(3) > .question').should('have.text', '¿Sabe que la cobertura sólo es válida para deportes de invierno amateur en instalaciones o áreas utilizadas para este fin?');\ncy.get(':nth-child(4) > .question').should('have.text', '¿Conoce usted alguna exclusión de cobertura en el conjunto de la información precontractual? (descargar)');\ncy.get(':nth-child(5) > .question').should('have.text', '¿Conoce la presencia de límites máximos, franquicias y descubiertos en el conjunto de información precontractual? (descargar)');\ncy.get(' .row-shadowed > :nth-child(4)').should('have.text', ' El Contratista declara haber respondido completa y verazmente al cuestionario para evaluar la idoneidad del contrato, asumiendo toda la responsabilidad y confirmando que el contrato propuesto cumple con sus propias necesidades de seguro. ');\ncy.get('.mt-3').should('have.text', 'FECHA: ' + todaysDate);\ncy.get('#continuaStep3_test').should('not.have.class', 'disabled').click();",
              "err": {},
              "uuid": "82d276ed-7d3a-4b94-8edc-5602116f7c97",
              "parentUUID": "64f9b93a-5948-499f-9603-a7ec4d71eda4",
              "isHook": false,
              "skipped": false
            },
            {
              "title": "wordingFase4 T-71",
              "fullTitle": "test_yolo_scispagna_checkout wordingFase4 T-71",
              "timedOut": null,
              "duration": 1047,
              "state": "passed",
              "speed": "slow",
              "pass": true,
              "fail": false,
              "pending": false,
              "context": null,
              "code": "cy.get('app-checkout-card-recap > :nth-child(1) > :nth-child(1) > .step-title').contains(' Yolo esquí Gold ');\ncy.get('.col-lg-10 > :nth-child(1) > :nth-child(1)').contains('Tipo de paquete:');\ncy.get(':nth-child(1) > :nth-child(2) > b').contains('Yolo esquí Gold');\ncy.get('.col-lg-10 > :nth-child(2) > :nth-child(1)').contains('Asegurados:');\ncy.get('app-checkout-card-contraente-recap > :nth-child(1) > :nth-child(1) > .title').contains(' Datos personales ');\ncy.get('app-checkout-card-survey-recap > :nth-child(1) > :nth-child(1) > .title').contains('Cuestionario');\ncy.get('.mt-3 > .row > .col-lg-10').contains(' Completado ');\ncy.get('app-checkout-step-payment > :nth-child(1) > :nth-child(1) > :nth-child(1) > h4.step-title').contains('PAGO');\ncy.get('app-checkout-step-payment > :nth-child(1) > :nth-child(1) > :nth-child(1) > h4.step-title').siblings('span').contains('* campos obligatorios');\ncy.get('.col-lg-6').contains('Agregar una tarjeta de crédito');\ncy.get(':nth-child(5) > .row > .btn').contains('Agregar');\ncy.get('.row.ng-untouched > :nth-child(1) > :nth-child(1) > .col-12 > .step-title').contains('¿Tiene un código de descuento / afiliado?');\ncy.get('.form-label-group > .btn').contains('Aplicar');\ncy.get('form.ng-untouched > :nth-child(1) > .step-title').contains('IMPORTANTE');\ncy.get('form.ng-untouched > :nth-child(2)').contains(' Para continuar, descargue los tres archivos adjuntos y acepte las siguientes condiciones: ');\ncy.get(':nth-child(1) > .form-big-checkbox > app-dynamic-section > app-tmp-comp > :nth-child(1)').contains('Declaro que he leído el');\ncy.get(':nth-child(1) > .form-big-checkbox > app-dynamic-section > app-tmp-comp > .kc-linked-item-wrapper > a').contains('Modelo único de Información Precontractual');\ncy.get(':nth-child(1) > .form-big-checkbox > app-dynamic-section > app-tmp-comp > :nth-child(3)').contains('56 Reglamento IVASS No. 40/2018');\ncy.get(':nth-child(2) > .form-big-checkbox').contains('Declaro que he leído el');\ncy.get(':nth-child(2) > .form-big-checkbox').contains('Documento de Información precontractual');\ncy.get(':nth-child(2) > .form-big-checkbox').contains('incluida la Política de privacidad, y acepto completamente las condiciones del seguro');\ncy.get('.d-none > .btn-secondary').contains('Volver');\ncy.get('#continuaStep4_test').contains('CONFIRMAR Y PAGAR');\ncy.get('app-checkout-shopping-cart > :nth-child(1) > :nth-child(1) > .step-title').contains('Yolo esquí Gold');\ncy.get('.cost-item-0 > .col-12 > .row > .description').contains('Costo Unitario');\ncy.get('.cost-item-2 > .col-12 > .row > .description').contains('Total');",
              "err": {},
              "uuid": "87e3b3ad-963f-4d6f-ac03-9c80f3863078",
              "parentUUID": "64f9b93a-5948-499f-9603-a7ec4d71eda4",
              "isHook": false,
              "skipped": false
            },
            {
              "title": "immaginiFase4 T-71",
              "fullTitle": "test_yolo_scispagna_checkout immaginiFase4 T-71",
              "timedOut": null,
              "duration": 96,
              "state": "passed",
              "speed": "slow",
              "pass": true,
              "fail": false,
              "pending": false,
              "context": null,
              "code": "cy.get('.product-icon').invoke('attr', 'src').should('eq', 'https://yolo-es-integration.s3.amazonaws.com/spree/images/attachments/7/small/sci_gold.png?1574267336');\ncy.get('.anagraphic-icon').invoke('attr', 'src').should('eq', '/assets/images/icons/contraente.svg');\ncy.get('.survey-icon').invoke('attr', 'src').should('eq', '/assets/images/icons/questionario.svg');\ncy.get('.icon').invoke('attr', 'src').should('eq', '/assets/images/icons/card.png');",
              "err": {},
              "uuid": "ec49ce65-c024-4f54-b441-51add72e7d13",
              "parentUUID": "64f9b93a-5948-499f-9603-a7ec4d71eda4",
              "isHook": false,
              "skipped": false
            },
            {
              "title": "Logout T-72",
              "fullTitle": "test_yolo_scispagna_checkout Logout T-72",
              "timedOut": null,
              "duration": 296,
              "state": "passed",
              "speed": "slow",
              "pass": true,
              "fail": false,
              "pending": false,
              "context": null,
              "code": "cy.get('.user-profile > a').click({\n  force: true\n});\ncy.get('.private-area-sidebar-menu-container > ul > :nth-child(6) > a').click({\n  force: true\n});",
              "err": {},
              "uuid": "a0b7e4f8-aa21-4156-a843-3350d6559fa4",
              "parentUUID": "64f9b93a-5948-499f-9603-a7ec4d71eda4",
              "isHook": false,
              "skipped": false
            }
          ],
          "suites": [],
          "passes": [
            "73ede272-cc66-4d02-82f0-3925fd8fe4aa",
            "aad05816-579b-4423-9b1b-87385d36a223",
            "5c402661-7b5e-47e1-8b3a-6679ce5db20a",
            "4fcfca88-9b6e-440d-b3c5-713dacfb4872",
            "b155f00c-50eb-450c-9ea9-052e185aed41",
            "e9ebe799-2733-494b-9d38-f8a63e0d2e4f",
            "b00ec90b-7e60-43e3-bddb-2d8668977a92",
            "5866177b-5e80-4ae6-873e-dc9029e2de59",
            "c8ed756d-d6b0-4ecb-82f3-1ff24d92ab68",
            "43d6b9f0-bb15-467a-b854-23ddf1c3074d",
            "eac1589a-8895-4306-89d1-03fae0229546",
            "cd5ea41f-8b59-4198-8595-20807d3999e9",
            "1f859ee6-d1cc-413d-ac8e-064bc06d9ce7",
            "44bbafd2-262c-40e8-a9b0-55a578f1b5cc",
            "82d276ed-7d3a-4b94-8edc-5602116f7c97",
            "87e3b3ad-963f-4d6f-ac03-9c80f3863078",
            "ec49ce65-c024-4f54-b441-51add72e7d13",
            "a0b7e4f8-aa21-4156-a843-3350d6559fa4"
          ],
          "failures": [],
          "pending": [],
          "skipped": [],
          "duration": 22482,
          "root": false,
          "rootEmpty": false,
          "_timeout": 2000
        }
      ],
      "passes": [],
      "failures": [],
      "pending": [],
      "skipped": [],
      "duration": 0,
      "root": true,
      "rootEmpty": true,
      "_timeout": 2000
    }
  ],
  "meta": {
    "mocha": {
      "version": "7.1.1"
    },
    "mochawesome": {
      "options": {
        "quiet": false,
        "reportFilename": "mochawesome",
        "saveHtml": false,
        "saveJson": true,
        "consoleReporter": "spec",
        "useInlineDiffs": false,
        "code": true
      },
      "version": "5.0.0"
    },
    "marge": {
      "options": {
        "reportDir": "cypress/results",
        "overwrite": false,
        "html": false,
        "json": true
      },
      "version": "4.1.0"
    }
  }
}