{
  "stats": {
    "suites": 1,
    "tests": 11,
    "passes": 11,
    "pending": 0,
    "failures": 0,
    "start": "2020-03-19T13:16:24.074Z",
    "end": "2020-03-19T13:17:36.606Z",
    "duration": 72532,
    "testsRegistered": 11,
    "passPercent": 100,
    "pendingPercent": 0,
    "other": 0,
    "hasOther": false,
    "skipped": 0,
    "hasSkipped": false
  },
  "results": [
    {
      "uuid": "71a2c3e2-6d99-4e22-8b6f-643217ff5cab",
      "title": "",
      "fullFile": "",
      "file": "",
      "beforeHooks": [],
      "afterHooks": [],
      "tests": [],
      "suites": [
        {
          "uuid": "f981d642-4c2f-4491-8d57-50d7453dabd7",
          "title": "yolospagnagold",
          "fullFile": "",
          "file": "",
          "beforeHooks": [],
          "afterHooks": [],
          "tests": [
            {
              "title": "login T-61",
              "fullTitle": "yolospagnagold login T-61",
              "timedOut": null,
              "duration": 5534,
              "state": "passed",
              "speed": "slow",
              "pass": true,
              "fail": false,
              "pending": false,
              "context": null,
              "code": "//test sul login\ncy.visit(env.url + '/login');\ncy.get('#email').type(env.email, {\n  force: true\n});\ncy.get('#password').type(env.password, {\n  force: true\n});\ncy.get('.cc-btn').click();\ncy.get('#login-btn-test-test').click();",
              "err": {},
              "uuid": "abb36a5c-8431-4a43-a2ca-ea8caa97f7d2",
              "parentUUID": "f981d642-4c2f-4491-8d57-50d7453dabd7",
              "isHook": false,
              "skipped": false
            },
            {
              "title": "clickProdotti T-61",
              "fullTitle": "yolospagnagold clickProdotti T-61",
              "timedOut": null,
              "duration": 1099,
              "state": "passed",
              "speed": "slow",
              "pass": true,
              "fail": false,
              "pending": false,
              "context": null,
              "code": "cy.get('#Livello_1').click({\n  force: true\n}); // vado in prodotti cliccando su Yolo",
              "err": {},
              "uuid": "e127537c-0ba1-4615-bcdf-46508d591d06",
              "parentUUID": "f981d642-4c2f-4491-8d57-50d7453dabd7",
              "isHook": false,
              "skipped": false
            },
            {
              "title": "clicksci T-61",
              "fullTitle": "yolospagnagold clicksci T-61",
              "timedOut": null,
              "duration": 1507,
              "state": "passed",
              "speed": "slow",
              "pass": true,
              "fail": false,
              "pending": false,
              "context": null,
              "code": "cy.get('.slick-current > :nth-child(1) > .slide > .slick-track-product').contains('YOLO ESQUÍ').click({\n  force: true\n});\ncy.url().should('include', env.url + '/preventivatore;code=esqui');",
              "err": {},
              "uuid": "580cf5ae-ca40-4c2b-9ae9-5b369a823e7b",
              "parentUUID": "f981d642-4c2f-4491-8d57-50d7453dabd7",
              "isHook": false,
              "skipped": false
            },
            {
              "title": "clicksilver T-61",
              "fullTitle": "yolospagnagold clicksilver T-61",
              "timedOut": null,
              "duration": 1089,
              "state": "passed",
              "speed": "slow",
              "pass": true,
              "fail": false,
              "pending": false,
              "context": null,
              "code": "cy.get('.nav > :nth-child(2) > .nav-link').click({\n  force: true\n});",
              "err": {},
              "uuid": "15caaeac-18d3-449c-b897-9ce5c8c456e4",
              "parentUUID": "f981d642-4c2f-4491-8d57-50d7453dabd7",
              "isHook": false,
              "skipped": false
            },
            {
              "title": "wordingscisilver T-61",
              "fullTitle": "yolospagnagold wordingscisilver T-61",
              "timedOut": null,
              "duration": 1228,
              "state": "passed",
              "speed": "slow",
              "pass": true,
              "fail": false,
              "pending": false,
              "context": null,
              "code": "cy.get('#esqui-silver').contains('Yolo esquí Silver');\ncy.get('#esqui-silver').contains('Número de personas aseguradas');\ncy.get('#quantity').invoke('val').should('eq', '1');\ncy.get('#esqui-silver').contains('1 día');\ncy.get('#esqui-silver').contains('2 días');\ncy.get('#esqui-silver').contains('6 días');\ncy.get('#esqui-silver').contains('Continuar');\ncy.get('#esqui-silver').contains('Descarga el documento de información precontractual');\ncy.get('#esqui-silver').contains('Producto ofrecido en colaboración con');\ncy.get('#esqui-silver').contains('Hasta:');",
              "err": {},
              "uuid": "c91fbce3-7b78-4c02-8b5d-bcea822059e6",
              "parentUUID": "f981d642-4c2f-4491-8d57-50d7453dabd7",
              "isHook": false,
              "skipped": false
            },
            {
              "title": "scisilverimmagini T-61",
              "fullTitle": "yolospagnagold scisilverimmagini T-61",
              "timedOut": null,
              "duration": 1090,
              "state": "passed",
              "speed": "slow",
              "pass": true,
              "fail": false,
              "pending": false,
              "context": null,
              "code": "cy.get('.fp-image').last().should('be.visible').invoke('attr', 'src').should('include', 'sci_silver.png');\ncy.get(' #cardQuotator > .justify-content-center > .text-center > .provider-logo > img').should('be.visible').invoke('attr', 'src').should('include', 'logo_erv.png');",
              "err": {},
              "uuid": "cd4f2f62-8b58-4030-8ab8-83f64eb3443d",
              "parentUUID": "f981d642-4c2f-4491-8d57-50d7453dabd7",
              "isHook": false,
              "skipped": false
            },
            {
              "title": "scisilverlink T-61",
              "fullTitle": "yolospagnagold scisilverlink T-61",
              "timedOut": null,
              "duration": 1049,
              "state": "passed",
              "speed": "slow",
              "pass": true,
              "fail": false,
              "pending": false,
              "context": null,
              "code": "cy.get(' #cardQuotator > :nth-child(2) > .col-12 > .inf-package').last().should('be.visible').invoke('attr', 'href').should('include', 'https://yolo-es-integration.s3.amazonaws.com/spree/products/information_packages/000/000/001/original/Conditiones_Generales_e_Particulares_Yolo_Esqui_Silver_29112019.pdf?1575040892');",
              "err": {},
              "uuid": "08f50455-fb83-4eb5-8483-71f6da28545d",
              "parentUUID": "f981d642-4c2f-4491-8d57-50d7453dabd7",
              "isHook": false,
              "skipped": false
            },
            {
              "title": "scisilverpulsanti1 T-61",
              "fullTitle": "yolospagnagold scisilverpulsanti1 T-61",
              "timedOut": null,
              "duration": 22235,
              "state": "passed",
              "speed": "slow",
              "pass": true,
              "fail": false,
              "pending": false,
              "context": null,
              "code": "var base = 4.90;\nfor (var a = 1; a < 20; a++) {\n  console.log(a);\n  cy.wait(150);\n  cy.get('#cardQuotator > .card-body > .mb-3 > .col-12 > .ml-0 > .col-md-4 > #quantity').last().invoke('val').should('eq', String(a));\n  var moltiplica = base * a;\n  moltiplica = moltiplica.toFixed(2).replace('.', ',');\n  console.log(moltiplica);\n  cy.get(' #cardQuotator > .card-body > .purchase > .col-sm-5 > .purchase-price').last().should('have.text', moltiplica + ' €');\n  cy.get('#cardQuotator > .card-body > .mb-3 > .col-12 > .ml-0 > :nth-child(3)').last().click({\n    force: true\n  });\n}\nfor (var b = 1; b < 20; b++) {\n  cy.get('#cardQuotator > .card-body > .mb-3 > .col-12 > .ml-0 > :nth-child(1) > .fa').last().click();\n}",
              "err": {},
              "uuid": "d1c7a70a-0275-4eb2-a610-93d3d32064d0",
              "parentUUID": "f981d642-4c2f-4491-8d57-50d7453dabd7",
              "isHook": false,
              "skipped": false
            },
            {
              "title": "scisilverpulsanti2 T-61",
              "fullTitle": "yolospagnagold scisilverpulsanti2 T-61",
              "timedOut": null,
              "duration": 16785,
              "state": "passed",
              "speed": "slow",
              "pass": true,
              "fail": false,
              "pending": false,
              "context": null,
              "code": "cy.get('#cardQuotator > .card-body > :nth-child(3) > .col-12 > .row > :nth-child(2) > .btn').last().click({\n  force: true\n});\nvar base = 8.73;\nfor (var a = 1; a < 20; a++) {\n  cy.get('#cardQuotator > .card-body > .mb-3 > .col-12 > .ml-0 > .col-md-4 > #quantity').last().invoke('val').should('eq', String(a));\n  var moltiplica = base * a;\n  moltiplica = moltiplica.toFixed(2).replace('.', ',');\n  console.log(moltiplica);\n  cy.get(' #cardQuotator > .card-body > .purchase > .col-sm-5 > .purchase-price').last().should('have.text', moltiplica + ' €');\n  cy.get('#cardQuotator > .card-body > .mb-3 > .col-12 > .ml-0 > :nth-child(3)').last().click({\n    force: true\n  });\n}\nfor (var b = 1; b < 20; b++) {\n  cy.get('#cardQuotator > .card-body > .mb-3 > .col-12 > .ml-0 > :nth-child(1) > .fa').last().click({\n    force: true\n  });\n}",
              "err": {},
              "uuid": "6bd66c5a-89a6-42a2-83d4-738eec6dbd1a",
              "parentUUID": "f981d642-4c2f-4491-8d57-50d7453dabd7",
              "isHook": false,
              "skipped": false
            },
            {
              "title": "scisilverpulsanti3 T-61",
              "fullTitle": "yolospagnagold scisilverpulsanti3 T-61",
              "timedOut": null,
              "duration": 16819,
              "state": "passed",
              "speed": "slow",
              "pass": true,
              "fail": false,
              "pending": false,
              "context": null,
              "code": "cy.get('#cardQuotator > .card-body > :nth-child(3) > .col-12 > .row > :nth-child(3) > .btn').last().click({\n  force: true\n});\nvar base = 26.23;\nfor (var a = 1; a < 20; a++) {\n  cy.get('#cardQuotator > .card-body > .mb-3 > .col-12 > .ml-0 > .col-md-4 > #quantity').last().invoke('val').should('eq', String(a));\n  var moltiplica = base * a;\n  moltiplica = moltiplica.toFixed(2).replace('.', ',');\n  console.log(moltiplica);\n  cy.get(' #cardQuotator > .card-body > .purchase > .col-sm-5 > .purchase-price').last().should('have.text', moltiplica + ' €');\n  cy.get('#cardQuotator > .card-body > .mb-3 > .col-12 > .ml-0 > :nth-child(3)').last().click({\n    force: true\n  });\n}\nfor (var b = 1; b < 20; b++) {\n  cy.get('#cardQuotator > .card-body > .mb-3 > .col-12 > .ml-0 > :nth-child(1) > .fa').last().click({\n    force: true\n  });\n}",
              "err": {},
              "uuid": "0cf997ed-5ef7-45dd-9be4-85d15097bea2",
              "parentUUID": "f981d642-4c2f-4491-8d57-50d7453dabd7",
              "isHook": false,
              "skipped": false
            },
            {
              "title": "bottone T-61",
              "fullTitle": "yolospagnagold bottone T-61",
              "timedOut": null,
              "duration": 1126,
              "state": "passed",
              "speed": "slow",
              "pass": true,
              "fail": false,
              "pending": false,
              "context": null,
              "code": "cy.get('#cardQuotator > .card-body > .purchase > .col-sm-7').last().click();",
              "err": {},
              "uuid": "ed5ad473-77d6-4568-9593-b466f9efc3b0",
              "parentUUID": "f981d642-4c2f-4491-8d57-50d7453dabd7",
              "isHook": false,
              "skipped": false
            }
          ],
          "suites": [],
          "passes": [
            "abb36a5c-8431-4a43-a2ca-ea8caa97f7d2",
            "e127537c-0ba1-4615-bcdf-46508d591d06",
            "580cf5ae-ca40-4c2b-9ae9-5b369a823e7b",
            "15caaeac-18d3-449c-b897-9ce5c8c456e4",
            "c91fbce3-7b78-4c02-8b5d-bcea822059e6",
            "cd4f2f62-8b58-4030-8ab8-83f64eb3443d",
            "08f50455-fb83-4eb5-8483-71f6da28545d",
            "d1c7a70a-0275-4eb2-a610-93d3d32064d0",
            "6bd66c5a-89a6-42a2-83d4-738eec6dbd1a",
            "0cf997ed-5ef7-45dd-9be4-85d15097bea2",
            "ed5ad473-77d6-4568-9593-b466f9efc3b0"
          ],
          "failures": [],
          "pending": [],
          "skipped": [],
          "duration": 69561,
          "root": false,
          "rootEmpty": false,
          "_timeout": 2000
        }
      ],
      "passes": [],
      "failures": [],
      "pending": [],
      "skipped": [],
      "duration": 0,
      "root": true,
      "rootEmpty": true,
      "_timeout": 2000
    }
  ],
  "meta": {
    "mocha": {
      "version": "7.1.1"
    },
    "mochawesome": {
      "options": {
        "quiet": false,
        "reportFilename": "mochawesome",
        "saveHtml": false,
        "saveJson": true,
        "consoleReporter": "spec",
        "useInlineDiffs": false,
        "code": true
      },
      "version": "5.0.0"
    },
    "marge": {
      "options": {
        "reportDir": "cypress/results",
        "overwrite": false,
        "html": false,
        "json": true
      },
      "version": "4.1.0"
    }
  }
}