{
  "stats": {
    "suites": 1,
    "tests": 18,
    "passes": 18,
    "pending": 0,
    "failures": 0,
    "start": "2020-03-19T13:14:46.947Z",
    "end": "2020-03-19T13:15:12.079Z",
    "duration": 25132,
    "testsRegistered": 18,
    "passPercent": 100,
    "pendingPercent": 0,
    "other": 0,
    "hasOther": false,
    "skipped": 0,
    "hasSkipped": false
  },
  "results": [
    {
      "uuid": "6ec0b16c-8f0d-4943-b5a2-35f692751408",
      "title": "",
      "fullFile": "",
      "file": "",
      "beforeHooks": [],
      "afterHooks": [],
      "tests": [],
      "suites": [
        {
          "uuid": "64f9b93a-5948-499f-9603-a7ec4d71eda4",
          "title": "test_yolo_scispagna_checkout",
          "fullFile": "",
          "file": "",
          "beforeHooks": [],
          "afterHooks": [],
          "tests": [
            {
              "title": "homepage T-62",
              "fullTitle": "test_yolo_scispagna_checkout homepage T-62",
              "timedOut": null,
              "duration": 4674,
              "state": "passed",
              "speed": "slow",
              "pass": true,
              "fail": false,
              "pending": false,
              "context": null,
              "code": "cy.visit(env.url);\ncy.wait(2000);",
              "err": {},
              "uuid": "73ede272-cc66-4d02-82f0-3925fd8fe4aa",
              "parentUUID": "64f9b93a-5948-499f-9603-a7ec4d71eda4",
              "isHook": false,
              "skipped": false
            },
            {
              "title": "click pulsante home T-62",
              "fullTitle": "test_yolo_scispagna_checkout click pulsante home T-62",
              "timedOut": null,
              "duration": 113,
              "state": "passed",
              "speed": "slow",
              "pass": true,
              "fail": false,
              "pending": false,
              "context": null,
              "code": "cy.get('#Livello_1').click({\n  force: true\n});",
              "err": {},
              "uuid": "aad05816-579b-4423-9b1b-87385d36a223",
              "parentUUID": "64f9b93a-5948-499f-9603-a7ec4d71eda4",
              "isHook": false,
              "skipped": false
            },
            {
              "title": "click su yolo esqui T-62",
              "fullTitle": "test_yolo_scispagna_checkout click su yolo esqui T-62",
              "timedOut": null,
              "duration": 642,
              "state": "passed",
              "speed": "slow",
              "pass": true,
              "fail": false,
              "pending": false,
              "context": null,
              "code": "cy.get('.slick-current > :nth-child(1) > .slide > .slick-track-product').should('be.visible').click();",
              "err": {},
              "uuid": "5c402661-7b5e-47e1-8b3a-6679ce5db20a",
              "parentUUID": "64f9b93a-5948-499f-9603-a7ec4d71eda4",
              "isHook": false,
              "skipped": false
            },
            {
              "title": "click su continuar T-62",
              "fullTitle": "test_yolo_scispagna_checkout click su continuar T-62",
              "timedOut": null,
              "duration": 238,
              "state": "passed",
              "speed": "slow",
              "pass": true,
              "fail": false,
              "pending": false,
              "context": null,
              "code": "cy.get('#submit-test.btn-animation.gold').should('be.visible').click();",
              "err": {},
              "uuid": "4fcfca88-9b6e-440d-b3c5-713dacfb4872",
              "parentUUID": "64f9b93a-5948-499f-9603-a7ec4d71eda4",
              "isHook": false,
              "skipped": false
            },
            {
              "title": "wording pagina checkout T-62",
              "fullTitle": "test_yolo_scispagna_checkout wording pagina checkout T-62",
              "timedOut": null,
              "duration": 747,
              "state": "passed",
              "speed": "slow",
              "pass": true,
              "fail": false,
              "pending": false,
              "context": null,
              "code": "cy.get('app-checkout-card-recap > :nth-child(1) > :nth-child(1) > .step-title').contains('Yolo esquí Gold');\ncy.get('.col-lg-10 > :nth-child(1) > :nth-child(1)').contains('Tipo de paquete:');\ncy.get(':nth-child(1) > :nth-child(2) > b').contains('Yolo esquí Gold');\ncy.get('.col-lg-10 > :nth-child(2) > :nth-child(1)').contains('Asegurados:');\ncy.get(':nth-child(2) > :nth-child(2) > b').contains('1');\ncy.get('app-checkout-card-period > :nth-child(1) > .col-12 > .step-title').contains('PERÍODO');\ncy.get('app-checkout-card-period > :nth-child(1) > .col-12 > span').contains('* campos obligatorios');\ncy.get(':nth-child(2) > .input-wrapper > label.pl-3').contains('Fecha de fin de cobertura');\ncy.get('.col-10').contains(' La cobertura será válida en las fechas indicadas solo si la compras antes de comenzar tu viaje a la estación de esquí ');\ncy.get('app-checkout-card-insured-subjects > :nth-child(1) > :nth-child(1) > .step-title').contains('ASEGURADOS');\ncy.get('.form-big-checkbox').contains(' El tomador es también el asegurado ');\ncy.get('.mb-3 > .step-title').contains('DATOS PERSONALES 1');\ncy.get('span > i').contains('todos los campos son obligatorios');\ncy.get('app-checkout-card-insured-subjects > :nth-child(1) > .mt-2 > .row > :nth-child(2)').should('be.visible').contains('Nombre');\ncy.get('.mt-2 > .row > :nth-child(3)').should('be.visible').contains('Apellidos');\ncy.get('.mt-2 > .row > :nth-child(4)').should('be.visible').contains('Fecha de nacimiento');\ncy.get('app-checkout-shopping-cart > :nth-child(1) > :nth-child(1) > .step-title').contains('Yolo esquí Gold');\ncy.get('.cost-item-0 > .col-12 > .row > .description').contains('Costo Unitario');\ncy.get('.cost-item-2 > .col-12 > .row > .description').contains('Total');\ncy.get('.cost-item-0 > .col-12 > .row > .text-right').contains('6,98');",
              "err": {},
              "uuid": "b155f00c-50eb-450c-9ea9-052e185aed41",
              "parentUUID": "64f9b93a-5948-499f-9603-a7ec4d71eda4",
              "isHook": false,
              "skipped": false
            },
            {
              "title": "Controllo immagini del checkout T-62",
              "fullTitle": "test_yolo_scispagna_checkout Controllo immagini del checkout T-62",
              "timedOut": null,
              "duration": 86,
              "state": "passed",
              "speed": "slow",
              "pass": true,
              "fail": false,
              "pending": false,
              "context": null,
              "code": "cy.get('.product-icon').should('be.visible').invoke('attr', 'src').should('include', 'sci_gold.png');\ncy.get('.col-1').should('be.visible');",
              "err": {},
              "uuid": "e9ebe799-2733-494b-9d38-f8a63e0d2e4f",
              "parentUUID": "64f9b93a-5948-499f-9603-a7ec4d71eda4",
              "isHook": false,
              "skipped": false
            },
            {
              "title": "Controllo check e unchecked della checkbox T-62",
              "fullTitle": "test_yolo_scispagna_checkout Controllo check e unchecked della checkbox T-62",
              "timedOut": null,
              "duration": 195,
              "state": "passed",
              "speed": "slow",
              "pass": true,
              "fail": false,
              "pending": false,
              "context": null,
              "code": "cy.get('[type=\"checkbox\"]').check();\ncy.get('[type=\"checkbox\"]').uncheck();",
              "err": {},
              "uuid": "b00ec90b-7e60-43e3-bddb-2d8668977a92",
              "parentUUID": "64f9b93a-5948-499f-9603-a7ec4d71eda4",
              "isHook": false,
              "skipped": false
            },
            {
              "title": "Controllo calendario Fecha inicio de cobertura T-62",
              "fullTitle": "test_yolo_scispagna_checkout Controllo calendario Fecha inicio de cobertura T-62",
              "timedOut": null,
              "duration": 299,
              "state": "passed",
              "speed": "slow",
              "pass": true,
              "fail": false,
              "pending": false,
              "context": null,
              "code": "cy.get('#datepicker-startdate-test').click({\n  force: true\n});\ncy.get('.dropdown-menu').find('[aria-label=\"24-3-2020\"] > .btn-light').not('.disabled').first().click({\n  force: true\n});",
              "err": {},
              "uuid": "5866177b-5e80-4ae6-873e-dc9029e2de59",
              "parentUUID": "64f9b93a-5948-499f-9603-a7ec4d71eda4",
              "isHook": false,
              "skipped": false
            },
            {
              "title": "Controllo calendario Fecha de nacimiento T-62",
              "fullTitle": "test_yolo_scispagna_checkout Controllo calendario Fecha de nacimiento T-62",
              "timedOut": null,
              "duration": 363,
              "state": "passed",
              "speed": "slow",
              "pass": true,
              "fail": false,
              "pending": false,
              "context": null,
              "code": "cy.get('#datepicker-test').click({\n  force: true\n});\ncy.get('.dropdown-menu').find('.ngb-dp-day').not('.disabled').last().click({\n  force: true\n});",
              "err": {},
              "uuid": "c8ed756d-d6b0-4ecb-82f3-1ff24d92ab68",
              "parentUUID": "64f9b93a-5948-499f-9603-a7ec4d71eda4",
              "isHook": false,
              "skipped": false
            },
            {
              "title": "controllo select T-62",
              "fullTitle": "test_yolo_scispagna_checkout controllo select T-62",
              "timedOut": null,
              "duration": 442,
              "state": "passed",
              "speed": "slow",
              "pass": true,
              "fail": false,
              "pending": false,
              "context": null,
              "code": "cy.get('#select-familygrade0').should('be.visible').contains('Parentesco*');\ncy.get(\"#select-familygrade0\").select('Marido/Mujer');\ncy.get(\"#select-familygrade0\").select('Hijo/Hija');\ncy.get(\"#select-familygrade0\").select('Otro');",
              "err": {},
              "uuid": "43d6b9f0-bb15-467a-b854-23ddf1c3074d",
              "parentUUID": "64f9b93a-5948-499f-9603-a7ec4d71eda4",
              "isHook": false,
              "skipped": false
            },
            {
              "title": "continuar T-62",
              "fullTitle": "test_yolo_scispagna_checkout continuar T-62",
              "timedOut": null,
              "duration": 176,
              "state": "passed",
              "speed": "slow",
              "pass": true,
              "fail": false,
              "pending": false,
              "context": null,
              "code": "cy.get('.checkbox').click();\ncy.get('#continuaStep1_test').click();",
              "err": {},
              "uuid": "eac1589a-8895-4306-89d1-03fae0229546",
              "parentUUID": "64f9b93a-5948-499f-9603-a7ec4d71eda4",
              "isHook": false,
              "skipped": false
            },
            {
              "title": "wordingFase2 T-66",
              "fullTitle": "test_yolo_scispagna_checkout wordingFase2 T-66",
              "timedOut": null,
              "duration": 588,
              "state": "passed",
              "speed": "slow",
              "pass": true,
              "fail": false,
              "pending": false,
              "context": null,
              "code": "cy.get('app-checkout-card-recap > :nth-child(1) > :nth-child(1) > .step-title').contains('Yolo esquí Gold');\ncy.get('.col-lg-10 > :nth-child(1) > :nth-child(1)').contains('Tipo de paquete:');\ncy.get(':nth-child(1) > :nth-child(2) > b').contains('Yolo esquí Gold');\ncy.get('.col-lg-10 > :nth-child(2) > :nth-child(1)').contains('Asegurados:');\ncy.get(':nth-child(2) > :nth-child(2) > b').contains('1');\ncy.get('app-checkout-shopping-cart > :nth-child(1) > :nth-child(1) > .step-title').contains('Yolo esquí Gold');\ncy.get('.cost-item-0 > .col-12 > .row > .description').contains('Costo Unitario');\ncy.get('.cost-item-2 > .col-12 > .row > .description').contains('Total');\ncy.get('.cost-item-2 > .col-12 > .row > .text-right').contains('6,98');\ncy.get('form.ng-untouched > :nth-child(1) > .col-12').contains('CONTRATANTE');\ncy.get('form.ng-untouched > :nth-child(2) > .col-12').contains('Todos los campos son obligatorios');",
              "err": {},
              "uuid": "cd5ea41f-8b59-4198-8595-20807d3999e9",
              "parentUUID": "64f9b93a-5948-499f-9603-a7ec4d71eda4",
              "isHook": false,
              "skipped": false
            },
            {
              "title": "immaginiFase2 T-66",
              "fullTitle": "test_yolo_scispagna_checkout immaginiFase2 T-66",
              "timedOut": null,
              "duration": 12,
              "state": "passed",
              "speed": "fast",
              "pass": true,
              "fail": false,
              "pending": false,
              "context": null,
              "code": "cy.get('.product-icon').invoke('attr', 'src').should('eq', 'https://yolo-es-integration.s3.amazonaws.com/spree/images/attachments/7/small/sci_gold.png?1574267336');",
              "err": {},
              "uuid": "1f859ee6-d1cc-413d-ac8e-064bc06d9ce7",
              "parentUUID": "64f9b93a-5948-499f-9603-a7ec4d71eda4",
              "isHook": false,
              "skipped": false
            },
            {
              "title": "formFase2 T-66",
              "fullTitle": "test_yolo_scispagna_checkout formFase2 T-66",
              "timedOut": null,
              "duration": 915,
              "state": "passed",
              "speed": "slow",
              "pass": true,
              "fail": false,
              "pending": false,
              "context": null,
              "code": "cy.get(':nth-child(3) > :nth-child(1) > label').contains('Nombre').siblings().invoke('val').should('be.not.empty');\ncy.get(':nth-child(3) > :nth-child(2) > label').contains('Apellidos').siblings().invoke('val').should('be.not.empty');\ncy.get(':nth-child(4) > :nth-child(1) > label').contains('DNI').siblings().invoke('val').should('be.not.empty');\ncy.get(':nth-child(4) > :nth-child(2) > label').contains('Número de teléfono ').siblings().invoke('val').should('be.not.empty');\ncy.get(':nth-child(5) > .form-label-group > label').contains('Fecha de nacimiento').siblings().invoke('val').should('be.not.empty');\ncy.get(':nth-child(5) > :nth-child(2)').contains('País de nacimiento ').siblings().invoke('val').should('be.not.empty');\ncy.get('form.ng-untouched > :nth-child(6) > :nth-child(1)').contains('Provincia de nacimiento').siblings().invoke('val').should('be.not.empty');\ncy.get(':nth-child(7) > .col-12 > label').contains('Dirección de residencia').siblings().invoke('val').should('be.not.empty');\ncy.get(':nth-child(8) > :nth-child(1) > label').contains('Ciudad de residencia').siblings().invoke('val').should('be.not.empty');\ncy.get(':nth-child(8) > :nth-child(2) > label').contains('Código postal').siblings().invoke('val').should('be.not.empty');\ncy.get(':nth-child(9) > :nth-child(1)').contains('País de residencia');\ncy.get('#residentialCountry').select('Somalia');\ncy.get('#residentialCountry').invoke('val').should('be.not.empty');\ncy.get('#continuaStep2_test').should('be.disabled');\ncy.get('#residentialCountry').select('Spain');\ncy.get(':nth-child(9) > :nth-child(2)').contains('Provincia de residencia');\ncy.get('#residentialStates').select('Galicia');\ncy.get('#residentialStates').invoke('val').should('be.not.empty');\ncy.get('#continuaStep2_test').click({\n  force: true\n});",
              "err": {},
              "uuid": "44bbafd2-262c-40e8-a9b0-55a578f1b5cc",
              "parentUUID": "64f9b93a-5948-499f-9603-a7ec4d71eda4",
              "isHook": false,
              "skipped": false
            },
            {
              "title": "formFase3",
              "fullTitle": "test_yolo_scispagna_checkout formFase3",
              "timedOut": null,
              "duration": 11553,
              "state": "passed",
              "speed": "slow",
              "pass": true,
              "fail": false,
              "pending": false,
              "context": null,
              "code": "cy.viewport(1280, 720);\nvar table = []; //0=disabled,1=enabled,2=forced\nvar todaysDate = Cypress.moment().format('DD/MM/YYYY');\ncy.get('#continuaStep3_test').should('be.disabled');\nfor (var i = 1; i < 6; i++) {\n  cy.get(':nth-child(' + i + ') > .answer-container > :nth-child(3) > .form-big-radio > .checkmark').click();\n}\nfor (var _i = 0; _i < 32; _i++) {\n  table = _i.toString(2).padStart(5, 0).split(\"\");\n  for (var j = 1; j < 6; j++) {\n    if (table[j - 1] === '1') {\n      console.table(table);\n      cy.get(':nth-child(' + j + ') > .answer-container > :nth-child(2) > .form-big-radio > .checkmark').click({\n        force: true\n      });\n      if (j !== 1) {\n        cy.get(':nth-child(6) > .question').should('be.visible');\n      }\n    } else {\n      cy.get(':nth-child(' + j + ') > .answer-container > :nth-child(3) > .form-big-radio > .checkmark').click({\n        force: true\n      });\n    }\n  }\n}\nfor (var _i2 = 1; _i2 < 6; _i2++) {\n  cy.get(':nth-child(' + _i2 + ') > .answer-container > :nth-child(1) > .form-big-radio > .checkmark').click();\n}\ncy.get('.row-shadowed > .step-title').should('have.text', 'CUESTIONARIO PARA LA ADECUACIÓN DE LA COBERTURA DE SEGURO ');\ncy.get('.subtext').should('have.text', '* campos obligatorios');\ncy.get(':nth-child(1) > .question').should('have.text', '¿Está interesado en recibir ayuda si necesita ayuda mientras practica un deporte de invierno?');\ncy.get(':nth-child(2) > .question').should('have.text', '¿Está interesado en protegerse tanto del daño que ha sufrido como del daño que ha causado al practicar un deporte de invierno?');\ncy.get(':nth-child(3) > .question').should('have.text', '¿Sabe que la cobertura sólo es válida para deportes de invierno amateur en instalaciones o áreas utilizadas para este fin?');\ncy.get(':nth-child(4) > .question').should('have.text', '¿Conoce usted alguna exclusión de cobertura en el conjunto de la información precontractual? (descargar)');\ncy.get(':nth-child(5) > .question').should('have.text', '¿Conoce la presencia de límites máximos, franquicias y descubiertos en el conjunto de información precontractual? (descargar)');\ncy.get(' .row-shadowed > :nth-child(4)').should('have.text', ' El Contratista declara haber respondido completa y verazmente al cuestionario para evaluar la idoneidad del contrato, asumiendo toda la responsabilidad y confirmando que el contrato propuesto cumple con sus propias necesidades de seguro. ');\ncy.get('.mt-3').should('have.text', 'FECHA: ' + todaysDate);\ncy.get('#continuaStep3_test').should('not.have.class', 'disabled').click();",
              "err": {},
              "uuid": "82d276ed-7d3a-4b94-8edc-5602116f7c97",
              "parentUUID": "64f9b93a-5948-499f-9603-a7ec4d71eda4",
              "isHook": false,
              "skipped": false
            },
            {
              "title": "wordingFase4 T-71",
              "fullTitle": "test_yolo_scispagna_checkout wordingFase4 T-71",
              "timedOut": null,
              "duration": 1047,
              "state": "passed",
              "speed": "slow",
              "pass": true,
              "fail": false,
              "pending": false,
              "context": null,
              "code": "cy.get('app-checkout-card-recap > :nth-child(1) > :nth-child(1) > .step-title').contains(' Yolo esquí Gold ');\ncy.get('.col-lg-10 > :nth-child(1) > :nth-child(1)').contains('Tipo de paquete:');\ncy.get(':nth-child(1) > :nth-child(2) > b').contains('Yolo esquí Gold');\ncy.get('.col-lg-10 > :nth-child(2) > :nth-child(1)').contains('Asegurados:');\ncy.get('app-checkout-card-contraente-recap > :nth-child(1) > :nth-child(1) > .title').contains(' Datos personales ');\ncy.get('app-checkout-card-survey-recap > :nth-child(1) > :nth-child(1) > .title').contains('Cuestionario');\ncy.get('.mt-3 > .row > .col-lg-10').contains(' Completado ');\ncy.get('app-checkout-step-payment > :nth-child(1) > :nth-child(1) > :nth-child(1) > h4.step-title').contains('PAGO');\ncy.get('app-checkout-step-payment > :nth-child(1) > :nth-child(1) > :nth-child(1) > h4.step-title').siblings('span').contains('* campos obligatorios');\ncy.get('.col-lg-6').contains('Agregar una tarjeta de crédito');\ncy.get(':nth-child(5) > .row > .btn').contains('Agregar');\ncy.get('.row.ng-untouched > :nth-child(1) > :nth-child(1) > .col-12 > .step-title').contains('¿Tiene un código de descuento / afiliado?');\ncy.get('.form-label-group > .btn').contains('Aplicar');\ncy.get('form.ng-untouched > :nth-child(1) > .step-title').contains('IMPORTANTE');\ncy.get('form.ng-untouched > :nth-child(2)').contains(' Para continuar, descargue los tres archivos adjuntos y acepte las siguientes condiciones: ');\ncy.get(':nth-child(1) > .form-big-checkbox > app-dynamic-section > app-tmp-comp > :nth-child(1)').contains('Declaro que he leído el');\ncy.get(':nth-child(1) > .form-big-checkbox > app-dynamic-section > app-tmp-comp > .kc-linked-item-wrapper > a').contains('Modelo único de Información Precontractual');\ncy.get(':nth-child(1) > .form-big-checkbox > app-dynamic-section > app-tmp-comp > :nth-child(3)').contains('56 Reglamento IVASS No. 40/2018');\ncy.get(':nth-child(2) > .form-big-checkbox').contains('Declaro que he leído el');\ncy.get(':nth-child(2) > .form-big-checkbox').contains('Documento de Información precontractual');\ncy.get(':nth-child(2) > .form-big-checkbox').contains('incluida la Política de privacidad, y acepto completamente las condiciones del seguro');\ncy.get('.d-none > .btn-secondary').contains('Volver');\ncy.get('#continuaStep4_test').contains('CONFIRMAR Y PAGAR');\ncy.get('app-checkout-shopping-cart > :nth-child(1) > :nth-child(1) > .step-title').contains('Yolo esquí Gold');\ncy.get('.cost-item-0 > .col-12 > .row > .description').contains('Costo Unitario');\ncy.get('.cost-item-2 > .col-12 > .row > .description').contains('Total');",
              "err": {},
              "uuid": "87e3b3ad-963f-4d6f-ac03-9c80f3863078",
              "parentUUID": "64f9b93a-5948-499f-9603-a7ec4d71eda4",
              "isHook": false,
              "skipped": false
            },
            {
              "title": "immaginiFase4 T-71",
              "fullTitle": "test_yolo_scispagna_checkout immaginiFase4 T-71",
              "timedOut": null,
              "duration": 96,
              "state": "passed",
              "speed": "slow",
              "pass": true,
              "fail": false,
              "pending": false,
              "context": null,
              "code": "cy.get('.product-icon').invoke('attr', 'src').should('eq', 'https://yolo-es-integration.s3.amazonaws.com/spree/images/attachments/7/small/sci_gold.png?1574267336');\ncy.get('.anagraphic-icon').invoke('attr', 'src').should('eq', '/assets/images/icons/contraente.svg');\ncy.get('.survey-icon').invoke('attr', 'src').should('eq', '/assets/images/icons/questionario.svg');\ncy.get('.icon').invoke('attr', 'src').should('eq', '/assets/images/icons/card.png');",
              "err": {},
              "uuid": "ec49ce65-c024-4f54-b441-51add72e7d13",
              "parentUUID": "64f9b93a-5948-499f-9603-a7ec4d71eda4",
              "isHook": false,
              "skipped": false
            },
            {
              "title": "Logout T-72",
              "fullTitle": "test_yolo_scispagna_checkout Logout T-72",
              "timedOut": null,
              "duration": 296,
              "state": "passed",
              "speed": "slow",
              "pass": true,
              "fail": false,
              "pending": false,
              "context": null,
              "code": "cy.get('.user-profile > a').click({\n  force: true\n});\ncy.get('.private-area-sidebar-menu-container > ul > :nth-child(6) > a').click({\n  force: true\n});",
              "err": {},
              "uuid": "a0b7e4f8-aa21-4156-a843-3350d6559fa4",
              "parentUUID": "64f9b93a-5948-499f-9603-a7ec4d71eda4",
              "isHook": false,
              "skipped": false
            }
          ],
          "suites": [],
          "passes": [
            "73ede272-cc66-4d02-82f0-3925fd8fe4aa",
            "aad05816-579b-4423-9b1b-87385d36a223",
            "5c402661-7b5e-47e1-8b3a-6679ce5db20a",
            "4fcfca88-9b6e-440d-b3c5-713dacfb4872",
            "b155f00c-50eb-450c-9ea9-052e185aed41",
            "e9ebe799-2733-494b-9d38-f8a63e0d2e4f",
            "b00ec90b-7e60-43e3-bddb-2d8668977a92",
            "5866177b-5e80-4ae6-873e-dc9029e2de59",
            "c8ed756d-d6b0-4ecb-82f3-1ff24d92ab68",
            "43d6b9f0-bb15-467a-b854-23ddf1c3074d",
            "eac1589a-8895-4306-89d1-03fae0229546",
            "cd5ea41f-8b59-4198-8595-20807d3999e9",
            "1f859ee6-d1cc-413d-ac8e-064bc06d9ce7",
            "44bbafd2-262c-40e8-a9b0-55a578f1b5cc",
            "82d276ed-7d3a-4b94-8edc-5602116f7c97",
            "87e3b3ad-963f-4d6f-ac03-9c80f3863078",
            "ec49ce65-c024-4f54-b441-51add72e7d13",
            "a0b7e4f8-aa21-4156-a843-3350d6559fa4"
          ],
          "failures": [],
          "pending": [],
          "skipped": [],
          "duration": 22482,
          "root": false,
          "rootEmpty": false,
          "_timeout": 2000
        }
      ],
      "passes": [],
      "failures": [],
      "pending": [],
      "skipped": [],
      "duration": 0,
      "root": true,
      "rootEmpty": true,
      "_timeout": 2000
    }
  ],
  "meta": {
    "mocha": {
      "version": "7.1.1"
    },
    "mochawesome": {
      "options": {
        "quiet": false,
        "reportFilename": "mochawesome",
        "saveHtml": false,
        "saveJson": true,
        "consoleReporter": "spec",
        "useInlineDiffs": false,
        "code": true
      },
      "version": "5.0.0"
    },
    "marge": {
      "options": {
        "reportDir": "cypress/results",
        "overwrite": false,
        "html": false,
        "json": true
      },
      "version": "4.1.0"
    }
  }
}