{
  "stats": {
    "suites": 1,
    "tests": 10,
    "passes": 10,
    "pending": 0,
    "failures": 0,
    "start": "2020-03-19T13:15:17.316Z",
    "end": "2020-03-19T13:16:16.339Z",
    "duration": 59023,
    "testsRegistered": 10,
    "passPercent": 100,
    "pendingPercent": 0,
    "other": 0,
    "hasOther": false,
    "skipped": 0,
    "hasSkipped": false
  },
  "results": [
    {
      "uuid": "a206de0b-8f4a-46f0-a976-c48f16de6f47",
      "title": "",
      "fullFile": "",
      "file": "",
      "beforeHooks": [],
      "afterHooks": [],
      "tests": [],
      "suites": [
        {
          "uuid": "6ef5de09-6268-4e4a-8bef-e6f846c3dce1",
          "title": "yolospagnagold",
          "fullFile": "",
          "file": "",
          "beforeHooks": [],
          "afterHooks": [],
          "tests": [
            {
              "title": "login T-61",
              "fullTitle": "yolospagnagold login T-61",
              "timedOut": null,
              "duration": 5682,
              "state": "passed",
              "speed": "slow",
              "pass": true,
              "fail": false,
              "pending": false,
              "context": null,
              "code": "//test sul login\ncy.visit(env.url + '/login');\ncy.get('#email').type(env.email, {\n  force: true\n});\ncy.get('#password').type(env.password, {\n  force: true\n});\ncy.get('.cc-btn').click();\ncy.get('#login-btn-test-test').click();",
              "err": {},
              "uuid": "d6e980f0-dbad-4e37-8a16-760491b09785",
              "parentUUID": "6ef5de09-6268-4e4a-8bef-e6f846c3dce1",
              "isHook": false,
              "skipped": false
            },
            {
              "title": "clickProdotti T-61",
              "fullTitle": "yolospagnagold clickProdotti T-61",
              "timedOut": null,
              "duration": 1171,
              "state": "passed",
              "speed": "slow",
              "pass": true,
              "fail": false,
              "pending": false,
              "context": null,
              "code": "cy.get('#Livello_1').click({\n  force: true\n}); // vado in prodotti cliccando su Yolo",
              "err": {},
              "uuid": "95ecb939-4a61-48b8-af15-881d849b69af",
              "parentUUID": "6ef5de09-6268-4e4a-8bef-e6f846c3dce1",
              "isHook": false,
              "skipped": false
            },
            {
              "title": "clicksci T-61",
              "fullTitle": "yolospagnagold clicksci T-61",
              "timedOut": null,
              "duration": 1492,
              "state": "passed",
              "speed": "slow",
              "pass": true,
              "fail": false,
              "pending": false,
              "context": null,
              "code": "cy.get('.slick-current > :nth-child(1) > .slide > .slick-track-product').contains('YOLO ESQUÍ').click({\n  force: true\n});\ncy.url().should('include', env.url + '/preventivatore;code=esqui');",
              "err": {},
              "uuid": "fcc7f0eb-b300-4e1c-8e82-1eb5c3e78669",
              "parentUUID": "6ef5de09-6268-4e4a-8bef-e6f846c3dce1",
              "isHook": false,
              "skipped": false
            },
            {
              "title": "wordinggold T-61",
              "fullTitle": "yolospagnagold wordinggold T-61",
              "timedOut": null,
              "duration": 1269,
              "state": "passed",
              "speed": "slow",
              "pass": true,
              "fail": false,
              "pending": false,
              "context": null,
              "code": "cy.get('.nav > :nth-child(1) > .nav-link').contains('Yolo esquí Gold ');\ncy.get('#esqui-gold').contains('Yolo esquí Gold');\ncy.get('#esqui-gold').contains('Número de personas aseguradas');\ncy.get('#quantity').invoke('val').should('eq', '1');\ncy.get('#esqui-gold').contains('1 día');\ncy.get('#esqui-gold').contains('2 días');\ncy.get('#esqui-gold').contains('6 días'); //  cy.get('#esqui-gold').contains('3,99')\ncy.get('#esqui-gold').contains('Continuar');\ncy.get('#esqui-gold').contains('Descarga el documento de información precontractual');\ncy.get('#esqui-gold').contains('Producto ofrecido en colaboración con');\ncy.get('#esqui-gold').contains('Hasta:');",
              "err": {},
              "uuid": "b9dc30d7-9654-4c48-be67-f36dd8a64d9e",
              "parentUUID": "6ef5de09-6268-4e4a-8bef-e6f846c3dce1",
              "isHook": false,
              "skipped": false
            },
            {
              "title": "scigoldimmagini T-61",
              "fullTitle": "yolospagnagold scigoldimmagini T-61",
              "timedOut": null,
              "duration": 1078,
              "state": "passed",
              "speed": "slow",
              "pass": true,
              "fail": false,
              "pending": false,
              "context": null,
              "code": "cy.get('[src=\"https://yolo-es-integration.s3.amazonaws.com/spree/images/attachments/7/original/sci_gold.png?1574267336\"]').should('be.visible');\ncy.get('[src=\"https://yolo-es-integration.s3.amazonaws.com/yolo/providers/images/000/000/004/original/logo_erv.png?1583854223\"]').should('be.visible');",
              "err": {},
              "uuid": "77778e69-5763-4ffb-85d6-e99c80fecb1f",
              "parentUUID": "6ef5de09-6268-4e4a-8bef-e6f846c3dce1",
              "isHook": false,
              "skipped": false
            },
            {
              "title": "scigoldlink T-61",
              "fullTitle": "yolospagnagold scigoldlink T-61",
              "timedOut": null,
              "duration": 1084,
              "state": "passed",
              "speed": "slow",
              "pass": true,
              "fail": false,
              "pending": false,
              "context": null,
              "code": "cy.get('#cardQuotator > :nth-child(2) > .col-12 > .inf-package').first().should('have.attr', 'href').should('include', 'https://yolo-es-integration.s3.amazonaws.com/spree/products/information_packages/000/000/002/original/Conditiones_Generales_e_Particulares_Yolo_Esqui_Gold_29112019.pdf?1575040886');",
              "err": {},
              "uuid": "963f5e36-bb48-4236-95c1-336e2ce1625f",
              "parentUUID": "6ef5de09-6268-4e4a-8bef-e6f846c3dce1",
              "isHook": false,
              "skipped": false
            },
            {
              "title": "scigoldpulsanti1 T-61",
              "fullTitle": "yolospagnagold scigoldpulsanti1 T-61",
              "timedOut": null,
              "duration": 14478,
              "state": "passed",
              "speed": "slow",
              "pass": true,
              "fail": false,
              "pending": false,
              "context": null,
              "code": "var base = 6.98;\nfor (var a = 1; a < 20; a++) {\n  cy.get('#quantity').invoke('val').should('eq', String(a));\n  var moltiplica = base * a;\n  moltiplica = moltiplica.toFixed(2).replace('.', ',');\n  console.log(moltiplica);\n  cy.get(' #cardQuotator > .card-body > .purchase > .col-sm-5 > .purchase-price').first().should('have.text', moltiplica + ' €');\n  cy.get('#cardQuotator > .card-body > .mb-3 > .col-12 > .ml-0 > :nth-child(3)').first().click({\n    force: true\n  });\n}\nfor (var b = 1; b < 20; b++) {\n  cy.get('#cardQuotator > .card-body > .mb-3 > .col-12 > .ml-0 > :nth-child(1) > .fa').first().click({\n    force: true\n  });\n}",
              "err": {},
              "uuid": "865db2e7-22d2-4cbd-afa7-65d4f2bbf84d",
              "parentUUID": "6ef5de09-6268-4e4a-8bef-e6f846c3dce1",
              "isHook": false,
              "skipped": false
            },
            {
              "title": "scigoldpulsanti2 T-61",
              "fullTitle": "yolospagnagold scigoldpulsanti2 T-61",
              "timedOut": null,
              "duration": 14292,
              "state": "passed",
              "speed": "slow",
              "pass": true,
              "fail": false,
              "pending": false,
              "context": null,
              "code": "cy.get('#cardQuotator > .card-body > :nth-child(3) > .col-12 > .row > :nth-child(2) > .btn').first().click({\n  force: true\n});\nvar base = 12.23;\nfor (var a = 1; a < 20; a++) {\n  cy.get('#quantity').invoke('val').should('eq', String(a));\n  var moltiplica = base * a;\n  moltiplica = moltiplica.toFixed(2).replace('.', ',');\n  console.log(moltiplica);\n  cy.get(' #cardQuotator > .card-body > .purchase > .col-sm-5 > .purchase-price').first().should('have.text', moltiplica + ' €');\n  cy.get('#cardQuotator > .card-body > .mb-3 > .col-12 > .ml-0 > :nth-child(3)').first().click({\n    force: true\n  });\n}\nfor (var b = 1; b < 20; b++) {\n  cy.get('#cardQuotator > .card-body > .mb-3 > .col-12 > .ml-0 > :nth-child(1) > .fa').first().click({\n    force: true\n  });\n}",
              "err": {},
              "uuid": "54d87c4e-c331-46ff-8faa-de9004f8ea5b",
              "parentUUID": "6ef5de09-6268-4e4a-8bef-e6f846c3dce1",
              "isHook": false,
              "skipped": false
            },
            {
              "title": "scigoldpulsanti3 T-61",
              "fullTitle": "yolospagnagold scigoldpulsanti3 T-61",
              "timedOut": null,
              "duration": 14141,
              "state": "passed",
              "speed": "slow",
              "pass": true,
              "fail": false,
              "pending": false,
              "context": null,
              "code": "cy.get('#cardQuotator > .card-body > :nth-child(3) > .col-12 > .row > :nth-child(3) > .btn').first().click({\n  force: true\n});\nvar base = 33.23;\nfor (var a = 1; a < 20; a++) {\n  cy.get('#quantity').invoke('val').should('eq', String(a));\n  var moltiplica = base * a;\n  moltiplica = moltiplica.toFixed(2).replace('.', ',');\n  console.log(moltiplica);\n  cy.get(' #cardQuotator > .card-body > .purchase > .col-sm-5 > .purchase-price').first().should('have.text', moltiplica + ' €');\n  cy.get('#cardQuotator > .card-body > .mb-3 > .col-12 > .ml-0 > :nth-child(3)').first().click({\n    force: true\n  });\n}\nfor (var b = 1; b < 20; b++) {\n  cy.get('#cardQuotator > .card-body > .mb-3 > .col-12 > .ml-0 > :nth-child(1) > .fa').first().click({\n    force: true\n  });\n}",
              "err": {},
              "uuid": "4604288e-7d3e-4574-850d-608e8ec6afcc",
              "parentUUID": "6ef5de09-6268-4e4a-8bef-e6f846c3dce1",
              "isHook": false,
              "skipped": false
            },
            {
              "title": "bottone T-61",
              "fullTitle": "yolospagnagold bottone T-61",
              "timedOut": null,
              "duration": 1147,
              "state": "passed",
              "speed": "slow",
              "pass": true,
              "fail": false,
              "pending": false,
              "context": null,
              "code": "cy.get('#cardQuotator > .card-body > .purchase > .col-sm-7').first().click();",
              "err": {},
              "uuid": "5296d7e0-3e3f-4c30-a9ef-2dc61d570bb3",
              "parentUUID": "6ef5de09-6268-4e4a-8bef-e6f846c3dce1",
              "isHook": false,
              "skipped": false
            }
          ],
          "suites": [],
          "passes": [
            "d6e980f0-dbad-4e37-8a16-760491b09785",
            "95ecb939-4a61-48b8-af15-881d849b69af",
            "fcc7f0eb-b300-4e1c-8e82-1eb5c3e78669",
            "b9dc30d7-9654-4c48-be67-f36dd8a64d9e",
            "77778e69-5763-4ffb-85d6-e99c80fecb1f",
            "963f5e36-bb48-4236-95c1-336e2ce1625f",
            "865db2e7-22d2-4cbd-afa7-65d4f2bbf84d",
            "54d87c4e-c331-46ff-8faa-de9004f8ea5b",
            "4604288e-7d3e-4574-850d-608e8ec6afcc",
            "5296d7e0-3e3f-4c30-a9ef-2dc61d570bb3"
          ],
          "failures": [],
          "pending": [],
          "skipped": [],
          "duration": 55834,
          "root": false,
          "rootEmpty": false,
          "_timeout": 2000
        }
      ],
      "passes": [],
      "failures": [],
      "pending": [],
      "skipped": [],
      "duration": 0,
      "root": true,
      "rootEmpty": true,
      "_timeout": 2000
    }
  ],
  "meta": {
    "mocha": {
      "version": "7.1.1"
    },
    "mochawesome": {
      "options": {
        "quiet": false,
        "reportFilename": "mochawesome",
        "saveHtml": false,
        "saveJson": true,
        "consoleReporter": "spec",
        "useInlineDiffs": false,
        "code": true
      },
      "version": "5.0.0"
    },
    "marge": {
      "options": {
        "reportDir": "cypress/results",
        "overwrite": false,
        "html": false,
        "json": true
      },
      "version": "4.1.0"
    }
  }
}